0001_0010_0010_0060_0060.jpg 1 10 10 60 60
0002_0011_0031_0042_0042.jpg 1 11 31 42 42
0003_0019_0011_0051_0051.jpg 1 19 11 51 51
0004_0013_0006_0058_0058.jpg 1 13 6 58 58
0005_0013_0027_0050_0050.jpg 1 13 27 50 50
0006_0032_0006_0047_0047.jpg 1 32 6 47 47
0007_0012_0024_0065_0065.jpg 1 12 24 65 65
0008_0046_0042_0032_0032.jpg 1 46 42 32 32
0009_0022_0016_0064_0064.jpg 1 22 16 64 64
0010_0028_0021_0061_0061.jpg 1 28 21 61 61
0011_0015_0027_0054_0054.jpg 1 15 27 54 54
0012_0012_0025_0055_0055.jpg 1 12 25 55 55
0013_0041_0036_0024_0024.jpg 1 41 36 24 24
0014_0029_0011_0031_0031.jpg 1 29 11 31 31
0015_0040_0012_0042_0042.jpg 1 40 12 42 42
0016_0033_0040_0031_0031.jpg 1 33 40 31 31
0017_0017_0005_0069_0069.jpg 1 17 5 69 69
0018_0011_0019_0059_0059.jpg 1 11 19 59 59
0019_0031_0044_0030_0030.jpg 1 31 44 30 30
0020_0025_0012_0068_0068.jpg 1 25 12 68 68
0021_0007_0029_0063_0063.jpg 1 7 29 63 63
0022_0037_0010_0033_0033.jpg 1 37 10 33 33
0023_0014_0017_0045_0045.jpg 1 14 17 45 45
0024_0013_0025_0067_0067.jpg 1 13 25 67 67
0025_0010_0027_0063_0063.jpg 1 10 27 63 63
0026_0010_0015_0064_0064.jpg 1 10 15 64 64
0027_0010_0010_0027_0027.jpg 1 10 10 27 27
0028_0013_0010_0065_0065.jpg 1 13 10 65 65
0029_0018_0030_0061_0061.jpg 1 18 30 61 61
0030_0018_0009_0050_0050.jpg 1 18 9 50 50
0031_0026_0013_0066_0066.jpg 1 26 13 66 66
0032_0017_0025_0057_0057.jpg 1 17 25 57 57
0033_0019_0004_0064_0064.jpg 1 19 4 64 64
0034_0036_0040_0049_0049.jpg 1 36 40 49 49
0035_0043_0041_0040_0040.jpg 1 43 41 40 40
0036_0016_0014_0064_0064.jpg 1 16 14 64 64
0037_0012_0014_0059_0059.jpg 1 12 14 59 59
0038_0021_0019_0063_0063.jpg 1 21 19 63 63
0039_0023_0022_0052_0052.jpg 1 23 22 52 52
0040_0009_0015_0029_0029.jpg 1 9 15 29 29
0041_0037_0015_0049_0049.jpg 1 37 15 49 49
0042_0008_0008_0055_0055.jpg 1 8 8 55 55
0043_0014_0009_0033_0033.jpg 1 14 9 33 33
0044_0021_0005_0057_0057.jpg 1 21 5 57 57
0045_0009_0029_0049_0049.jpg 1 9 29 49 49
0046_0009_0040_0044_0044.jpg 1 9 40 44 44
0047_0013_0019_0068_0068.jpg 1 13 19 68 68
0048_0047_0026_0030_0030.jpg 1 47 26 30 30
0049_0051_0058_0024_0024.jpg 1 51 58 24 24
0050_0031_0033_0053_0053.jpg 1 31 33 53 53
0051_0010_0039_0025_0025.jpg 1 10 39 25 25
0052_0042_0009_0038_0038.jpg 1 42 9 38 38
0053_0008_0018_0037_0037.jpg 1 8 18 37 37
0054_0016_0024_0048_0048.jpg 1 16 24 48 48
0055_0032_0013_0057_0057.jpg 1 32 13 57 57
0056_0024_0015_0039_0039.jpg 1 24 15 39 39
0057_0025_0017_0055_0055.jpg 1 25 17 55 55
0058_0023_0042_0029_0029.jpg 1 23 42 29 29
0059_0025_0049_0031_0031.jpg 1 25 49 31 31
0060_0037_0014_0045_0045.jpg 1 37 14 45 45
0061_0025_0014_0066_0066.jpg 1 25 14 66 66
0062_0007_0047_0026_0026.jpg 1 7 47 26 26
0063_0039_0018_0032_0032.jpg 1 39 18 32 32
0064_0020_0026_0046_0046.jpg 1 20 26 46 46
0065_0019_0038_0049_0049.jpg 1 19 38 49 49
0066_0031_0009_0060_0060.jpg 1 31 9 60 60
0067_0020_0009_0052_0052.jpg 1 20 9 52 52
0068_0014_0029_0027_0027.jpg 1 14 29 27 27
0069_0022_0049_0024_0024.jpg 1 22 49 24 24
0070_0049_0029_0030_0030.jpg 1 49 29 30 30
0071_0023_0036_0049_0049.jpg 1 23 36 49 49
0072_0024_0023_0067_0067.jpg 1 24 23 67 67
0073_0014_0028_0047_0047.jpg 1 14 28 47 47
0074_0016_0007_0061_0061.jpg 1 16 7 61 61
0075_0022_0012_0062_0062.jpg 1 22 12 62 62
0076_0009_0016_0068_0068.jpg 1 9 16 68 68
0077_0006_0022_0062_0062.jpg 1 6 22 62 62
0078_0043_0010_0042_0042.jpg 1 43 10 42 42
0079_0004_0024_0066_0066.jpg 1 4 24 66 66
0080_0050_0013_0035_0035.jpg 1 50 13 35 35
0081_0013_0050_0036_0036.jpg 1 13 50 36 36
0082_0010_0023_0065_0065.jpg 1 10 23 65 65
0083_0013_0020_0035_0035.jpg 1 13 20 35 35
0084_0026_0027_0065_0065.jpg 1 26 27 65 65
0085_0040_0008_0046_0046.jpg 1 40 8 46 46
0086_0006_0023_0053_0053.jpg 1 6 23 53 53
0087_0047_0039_0035_0035.jpg 1 47 39 35 35
0088_0017_0034_0029_0029.jpg 1 17 34 29 29
0089_0035_0027_0048_0048.jpg 1 35 27 48 48
0090_0015_0021_0061_0061.jpg 1 15 21 61 61
0091_0024_0028_0046_0046.jpg 1 24 28 46 46
0092_0022_0010_0045_0045.jpg 1 22 10 45 45
0093_0024_0020_0060_0060.jpg 1 24 20 60 60
0094_0028_0018_0053_0053.jpg 1 28 18 53 53
0095_0034_0014_0056_0056.jpg 1 34 14 56 56
0096_0011_0012_0055_0055.jpg 1 11 12 55 55
0097_0023_0020_0063_0063.jpg 1 23 20 63 63
0098_0010_0015_0068_0068.jpg 1 10 15 68 68
0099_0019_0041_0039_0039.jpg 1 19 41 39 39
0100_0018_0027_0044_0044.jpg 1 18 27 44 44
0101_0017_0033_0052_0052.jpg 1 17 33 52 52
0102_0029_0049_0029_0029.jpg 1 29 49 29 29
0103_0021_0009_0032_0032.jpg 1 21 9 32 32
0104_0012_0016_0051_0051.jpg 1 12 16 51 51
0105_0013_0016_0069_0069.jpg 1 13 16 69 69
0106_0022_0033_0054_0054.jpg 1 22 33 54 54
0107_0012_0026_0059_0059.jpg 1 12 26 59 59
0108_0013_0050_0028_0028.jpg 1 13 50 28 28
0109_0025_0011_0060_0060.jpg 1 25 11 60 60
0110_0031_0046_0036_0036.jpg 1 31 46 36 36
0111_0058_0035_0025_0025.jpg 1 58 35 25 25
0112_0017_0037_0050_0050.jpg 1 17 37 50 50
0113_0046_0014_0041_0041.jpg 1 46 14 41 41
0114_0008_0012_0061_0061.jpg 1 8 12 61 61
0115_0035_0044_0040_0040.jpg 1 35 44 40 40
0116_0022_0013_0059_0059.jpg 1 22 13 59 59
0117_0014_0032_0027_0027.jpg 1 14 32 27 27
0118_0030_0031_0040_0040.jpg 1 30 31 40 40
0119_0010_0023_0057_0057.jpg 1 10 23 57 57
0120_0008_0019_0058_0058.jpg 1 8 19 58 58
0121_0015_0019_0051_0051.jpg 1 15 19 51 51
0122_0006_0025_0061_0061.jpg 1 6 25 61 61
0123_0028_0020_0058_0058.jpg 1 28 20 58 58
0124_0025_0010_0035_0035.jpg 1 25 10 35 35
0125_0023_0005_0048_0048.jpg 1 23 5 48 48
0126_0034_0054_0028_0028.jpg 1 34 54 28 28
0127_0027_0038_0039_0039.jpg 1 27 38 39 39
0128_0014_0033_0046_0046.jpg 1 14 33 46 46
0129_0046_0048_0038_0038.jpg 1 46 48 38 38
0130_0039_0008_0040_0040.jpg 1 39 8 40 40
0131_0013_0012_0065_0065.jpg 1 13 12 65 65
0132_0030_0023_0043_0043.jpg 1 30 23 43 43
0133_0045_0048_0038_0038.jpg 1 45 48 38 38
0134_0036_0020_0046_0046.jpg 1 36 20 46 46
0135_0057_0047_0027_0027.jpg 1 57 47 27 27
0136_0050_0042_0032_0032.jpg 1 50 42 32 32
0137_0050_0019_0032_0032.jpg 1 50 19 32 32
0138_0032_0023_0034_0034.jpg 1 32 23 34 34
0139_0041_0030_0045_0045.jpg 1 41 30 45 45
0140_0008_0050_0028_0028.jpg 1 8 50 28 28
0141_0024_0016_0045_0045.jpg 1 24 16 45 45
0142_0034_0005_0056_0056.jpg 1 34 5 56 56
0143_0048_0026_0032_0032.jpg 1 48 26 32 32
0144_0032_0014_0038_0038.jpg 1 32 14 38 38
0145_0022_0031_0046_0046.jpg 1 22 31 46 46
0146_0015_0006_0068_0068.jpg 1 15 6 68 68
0147_0020_0022_0066_0066.jpg 1 20 22 66 66
0148_0023_0010_0049_0049.jpg 1 23 10 49 49
0149_0036_0041_0040_0040.jpg 1 36 41 40 40
0150_0017_0022_0035_0035.jpg 1 17 22 35 35
0151_0052_0046_0034_0034.jpg 1 52 46 34 34
0152_0006_0007_0054_0054.jpg 1 6 7 54 54
0153_0036_0014_0043_0043.jpg 1 36 14 43 43
0154_0022_0009_0064_0064.jpg 1 22 9 64 64
0155_0034_0026_0055_0055.jpg 1 34 26 55 55
0156_0014_0019_0059_0059.jpg 1 14 19 59 59
0157_0010_0011_0057_0057.jpg 1 10 11 57 57
0158_0014_0004_0065_0065.jpg 1 14 4 65 65
0159_0042_0045_0042_0042.jpg 1 42 45 42 42
0160_0023_0023_0040_0040.jpg 1 23 23 40 40
0161_0015_0024_0027_0027.jpg 1 15 24 27 27
0162_0014_0035_0027_0027.jpg 1 14 35 27 27
0163_0029_0017_0058_0058.jpg 1 29 17 58 58
0164_0008_0007_0054_0054.jpg 1 8 7 54 54
0165_0008_0037_0049_0049.jpg 1 8 37 49 49
0166_0044_0015_0034_0034.jpg 1 44 15 34 34
0167_0029_0053_0027_0027.jpg 1 29 53 27 27
0168_0017_0028_0028_0028.jpg 1 17 28 28 28
0169_0041_0036_0025_0025.jpg 1 41 36 25 25
0170_0010_0004_0056_0056.jpg 1 10 4 56 56
0171_0020_0009_0053_0053.jpg 1 20 9 53 53
0172_0038_0031_0034_0034.jpg 1 38 31 34 34
0173_0004_0007_0059_0059.jpg 1 4 7 59 59
0174_0036_0042_0031_0031.jpg 1 36 42 31 31
0175_0009_0018_0068_0068.jpg 1 9 18 68 68
0176_0015_0014_0033_0033.jpg 1 15 14 33 33
0177_0049_0023_0033_0033.jpg 1 49 23 33 33
0178_0046_0040_0038_0038.jpg 1 46 40 38 38
0179_0012_0027_0050_0050.jpg 1 12 27 50 50
0180_0007_0055_0027_0027.jpg 1 7 55 27 27
0181_0043_0020_0039_0039.jpg 1 43 20 39 39
0182_0008_0013_0069_0069.jpg 1 8 13 69 69
0183_0025_0028_0025_0025.jpg 1 25 28 25 25
0184_0014_0009_0041_0041.jpg 1 14 9 41 41
0185_0013_0025_0051_0051.jpg 1 13 25 51 51
0186_0010_0014_0040_0040.jpg 1 10 14 40 40
0187_0021_0031_0052_0052.jpg 1 21 31 52 52
0188_0009_0023_0059_0059.jpg 1 9 23 59 59
0189_0016_0036_0036_0036.jpg 1 16 36 36 36
0190_0017_0053_0030_0030.jpg 1 17 53 30 30
0191_0025_0030_0059_0059.jpg 1 25 30 59 59
0192_0027_0015_0036_0036.jpg 1 27 15 36 36
0193_0012_0007_0066_0066.jpg 1 12 7 66 66
0194_0017_0013_0069_0069.jpg 1 17 13 69 69
0195_0012_0024_0029_0029.jpg 1 12 24 29 29
0196_0025_0023_0065_0065.jpg 1 25 23 65 65
0197_0012_0015_0039_0039.jpg 1 12 15 39 39
0198_0035_0039_0047_0047.jpg 1 35 39 47 47
0199_0037_0027_0047_0047.jpg 1 37 27 47 47
0200_0007_0011_0058_0058.jpg 1 7 11 58 58
0201_0038_0013_0051_0051.jpg 1 38 13 51 51
0202_0016_0031_0046_0046.jpg 1 16 31 46 46
0203_0008_0018_0069_0069.jpg 1 8 18 69 69
0204_0016_0013_0054_0054.jpg 1 16 13 54 54
0205_0014_0031_0044_0044.jpg 1 14 31 44 44
0206_0012_0006_0066_0066.jpg 1 12 6 66 66
0207_0027_0012_0058_0058.jpg 1 27 12 58 58
0208_0006_0026_0063_0063.jpg 1 6 26 63 63
0209_0013_0021_0069_0069.jpg 1 13 21 69 69
0210_0023_0031_0028_0028.jpg 1 23 31 28 28
0211_0035_0009_0027_0027.jpg 1 35 9 27 27
0212_0022_0028_0059_0059.jpg 1 22 28 59 59
0213_0025_0018_0025_0025.jpg 1 25 18 25 25
0214_0026_0008_0066_0066.jpg 1 26 8 66 66
0215_0035_0038_0044_0044.jpg 1 35 38 44 44
0216_0020_0031_0045_0045.jpg 1 20 31 45 45
0217_0037_0042_0046_0046.jpg 1 37 42 46 46
0218_0029_0009_0057_0057.jpg 1 29 9 57 57
0219_0043_0042_0035_0035.jpg 1 43 42 35 35
0220_0020_0040_0041_0041.jpg 1 20 40 41 41
0221_0044_0017_0035_0035.jpg 1 44 17 35 35
0222_0040_0006_0048_0048.jpg 1 40 6 48 48
0223_0009_0023_0026_0026.jpg 1 9 23 26 26
0224_0030_0028_0054_0054.jpg 1 30 28 54 54
0225_0005_0029_0050_0050.jpg 1 5 29 50 50
0226_0022_0016_0053_0053.jpg 1 22 16 53 53
0227_0041_0037_0042_0042.jpg 1 41 37 42 42
0228_0013_0049_0034_0034.jpg 1 13 49 34 34
0229_0015_0008_0067_0067.jpg 1 15 8 67 67
0230_0024_0025_0067_0067.jpg 1 24 25 67 67
0231_0015_0021_0063_0063.jpg 1 15 21 63 63
0232_0015_0034_0053_0053.jpg 1 15 34 53 53
0233_0008_0024_0049_0049.jpg 1 8 24 49 49
0234_0023_0006_0057_0057.jpg 1 23 6 57 57
0235_0014_0006_0060_0060.jpg 1 14 6 60 60
0236_0048_0037_0026_0026.jpg 1 48 37 26 26
0237_0014_0010_0039_0039.jpg 1 14 10 39 39
0238_0024_0025_0065_0065.jpg 1 24 25 65 65
0239_0008_0020_0069_0069.jpg 1 8 20 69 69
0240_0045_0043_0038_0038.jpg 1 45 43 38 38
0241_0038_0042_0046_0046.jpg 1 38 42 46 46
0242_0014_0035_0044_0044.jpg 1 14 35 44 44
0243_0012_0006_0062_0062.jpg 1 12 6 62 62
0244_0024_0023_0066_0066.jpg 1 24 23 66 66
0245_0036_0015_0050_0050.jpg 1 36 15 50 50
0246_0033_0038_0040_0040.jpg 1 33 38 40 40
0247_0012_0014_0069_0069.jpg 1 12 14 69 69
0248_0023_0026_0037_0037.jpg 1 23 26 37 37
0249_0032_0021_0035_0035.jpg 1 32 21 35 35
0250_0011_0014_0048_0048.jpg 1 11 14 48 48
0251_0012_0020_0060_0060.jpg 1 12 20 60 60
0252_0034_0021_0054_0054.jpg 1 34 21 54 54
0253_0010_0010_0041_0041.jpg 1 10 10 41 41
0254_0010_0014_0052_0052.jpg 1 10 14 52 52
0255_0049_0007_0035_0035.jpg 1 49 7 35 35
0256_0034_0029_0033_0033.jpg 1 34 29 33 33
0257_0027_0032_0051_0051.jpg 1 27 32 51 51
0258_0007_0008_0043_0043.jpg 1 7 8 43 43
0259_0021_0037_0026_0026.jpg 1 21 37 26 26
0260_0054_0051_0031_0031.jpg 1 54 51 31 31
0261_0038_0028_0038_0038.jpg 1 38 28 38 38
0262_0008_0017_0039_0039.jpg 1 8 17 39 39
0263_0028_0012_0061_0061.jpg 1 28 12 61 61
0264_0016_0027_0055_0055.jpg 1 16 27 55 55
0265_0025_0029_0055_0055.jpg 1 25 29 55 55
0266_0006_0046_0041_0041.jpg 1 6 46 41 41
0267_0056_0010_0028_0028.jpg 1 56 10 28 28
0268_0021_0034_0052_0052.jpg 1 21 34 52 52
0269_0009_0016_0058_0058.jpg 1 9 16 58 58
0270_0019_0007_0058_0058.jpg 1 19 7 58 58
0271_0027_0019_0052_0052.jpg 1 27 19 52 52
0272_0033_0047_0025_0025.jpg 1 33 47 25 25
0273_0007_0014_0063_0063.jpg 1 7 14 63 63
0274_0014_0047_0024_0024.jpg 1 14 47 24 24
0275_0013_0026_0046_0046.jpg 1 13 26 46 46
0276_0023_0010_0038_0038.jpg 1 23 10 38 38
0277_0015_0007_0059_0059.jpg 1 15 7 59 59
0278_0020_0046_0036_0036.jpg 1 20 46 36 36
0279_0023_0009_0034_0034.jpg 1 23 9 34 34
0280_0037_0013_0050_0050.jpg 1 37 13 50 50
0281_0020_0023_0067_0067.jpg 1 20 23 67 67
0282_0038_0032_0047_0047.jpg 1 38 32 47 47
0283_0022_0017_0066_0066.jpg 1 22 17 66 66
0284_0014_0019_0030_0030.jpg 1 14 19 30 30
0285_0036_0025_0044_0044.jpg 1 36 25 44 44
0286_0020_0013_0069_0069.jpg 1 20 13 69 69
0287_0005_0007_0061_0061.jpg 1 5 7 61 61
0288_0042_0036_0037_0037.jpg 1 42 36 37 37
0289_0020_0039_0037_0037.jpg 1 20 39 37 37
0290_0016_0010_0062_0062.jpg 1 16 10 62 62
0291_0022_0011_0059_0059.jpg 1 22 11 59 59
0292_0029_0030_0061_0061.jpg 1 29 30 61 61
0293_0033_0034_0033_0033.jpg 1 33 34 33 33
0294_0010_0022_0063_0063.jpg 1 10 22 63 63
0295_0020_0006_0063_0063.jpg 1 20 6 63 63
0296_0021_0038_0024_0024.jpg 1 21 38 24 24
0297_0025_0012_0048_0048.jpg 1 25 12 48 48
0298_0022_0025_0068_0068.jpg 1 22 25 68 68
0299_0028_0020_0064_0064.jpg 1 28 20 64 64
0300_0017_0020_0062_0062.jpg 1 17 20 62 62
0301_0008_0007_0062_0062.jpg 1 8 7 62 62
0302_0016_0013_0069_0069.jpg 1 16 13 69 69
0303_0006_0022_0069_0069.jpg 1 6 22 69 69
0304_0035_0017_0053_0053.jpg 1 35 17 53 53
0305_0050_0029_0031_0031.jpg 1 50 29 31 31
0306_0021_0026_0064_0064.jpg 1 21 26 64 64
0307_0005_0004_0061_0061.jpg 1 5 4 61 61
0308_0015_0021_0062_0062.jpg 1 15 21 62 62
0309_0024_0022_0067_0067.jpg 1 24 22 67 67
0310_0024_0025_0040_0040.jpg 1 24 25 40 40
0311_0049_0028_0028_0028.jpg 1 49 28 28 28
0312_0055_0027_0025_0025.jpg 1 55 27 25 25
0313_0055_0054_0028_0028.jpg 1 55 54 28 28
0314_0038_0020_0044_0044.jpg 1 38 20 44 44
0315_0014_0021_0058_0058.jpg 1 14 21 58 58
0316_0012_0022_0062_0062.jpg 1 12 22 62 62
0317_0025_0007_0066_0066.jpg 1 25 7 66 66
0318_0011_0026_0066_0066.jpg 1 11 26 66 66
0319_0043_0041_0025_0025.jpg 1 43 41 25 25
0320_0008_0031_0060_0060.jpg 1 8 31 60 60
0321_0048_0055_0028_0028.jpg 1 48 55 28 28
0322_0014_0040_0030_0030.jpg 1 14 40 30 30
0323_0010_0022_0063_0063.jpg 1 10 22 63 63
0324_0023_0027_0062_0062.jpg 1 23 27 62 62
0325_0014_0012_0058_0058.jpg 1 14 12 58 58
0326_0012_0020_0046_0046.jpg 1 12 20 46 46
0327_0025_0019_0059_0059.jpg 1 25 19 59 59
0328_0029_0011_0057_0057.jpg 1 29 11 57 57
0329_0005_0009_0054_0054.jpg 1 5 9 54 54
0330_0030_0035_0045_0045.jpg 1 30 35 45 45
0331_0014_0016_0041_0041.jpg 1 14 16 41 41
0332_0008_0013_0040_0040.jpg 1 8 13 40 40
0333_0013_0042_0035_0035.jpg 1 13 42 35 35
0334_0009_0005_0067_0067.jpg 1 9 5 67 67
0335_0019_0058_0024_0024.jpg 1 19 58 24 24
0336_0015_0009_0069_0069.jpg 1 15 9 69 69
0337_0012_0010_0056_0056.jpg 1 12 10 56 56
0338_0031_0018_0043_0043.jpg 1 31 18 43 43
0339_0021_0023_0032_0032.jpg 1 21 23 32 32
0340_0028_0041_0035_0035.jpg 1 28 41 35 35
0341_0015_0038_0038_0038.jpg 1 15 38 38 38
0342_0038_0014_0049_0049.jpg 1 38 14 49 49
0343_0008_0021_0034_0034.jpg 1 8 21 34 34
0344_0026_0010_0066_0066.jpg 1 26 10 66 66
0345_0014_0016_0056_0056.jpg 1 14 16 56 56
0346_0053_0041_0032_0032.jpg 1 53 41 32 32
0347_0013_0008_0047_0047.jpg 1 13 8 47 47
0348_0011_0017_0067_0067.jpg 1 11 17 67 67
0349_0011_0031_0060_0060.jpg 1 11 31 60 60
0350_0016_0022_0064_0064.jpg 1 16 22 64 64
0351_0019_0033_0051_0051.jpg 1 19 33 51 51
0352_0012_0031_0055_0055.jpg 1 12 31 55 55
0353_0015_0026_0027_0027.jpg 1 15 26 27 27
0354_0025_0035_0027_0027.jpg 1 25 35 27 27
0355_0013_0017_0069_0069.jpg 1 13 17 69 69
0356_0028_0010_0038_0038.jpg 1 28 10 38 38
0357_0009_0009_0050_0050.jpg 1 9 9 50 50
0358_0015_0022_0067_0067.jpg 1 15 22 67 67
0359_0008_0008_0053_0053.jpg 1 8 8 53 53
0360_0031_0017_0034_0034.jpg 1 31 17 34 34
0361_0023_0013_0054_0054.jpg 1 23 13 54 54
0362_0028_0021_0051_0051.jpg 1 28 21 51 51
0363_0012_0030_0049_0049.jpg 1 12 30 49 49
0364_0016_0022_0066_0066.jpg 1 16 22 66 66
0365_0017_0021_0030_0030.jpg 1 17 21 30 30
0366_0043_0047_0032_0032.jpg 1 43 47 32 32
0367_0026_0023_0034_0034.jpg 1 26 23 34 34
0368_0018_0052_0028_0028.jpg 1 18 52 28 28
0369_0035_0028_0052_0052.jpg 1 35 28 52 52
0370_0032_0021_0043_0043.jpg 1 32 21 43 43
0371_0046_0036_0032_0032.jpg 1 46 36 32 32
0372_0016_0004_0063_0063.jpg 1 16 4 63 63
0373_0015_0040_0045_0045.jpg 1 15 40 45 45
0374_0025_0020_0053_0053.jpg 1 25 20 53 53
0375_0028_0024_0050_0050.jpg 1 28 24 50 50
0376_0036_0054_0025_0025.jpg 1 36 54 25 25
0377_0018_0009_0047_0047.jpg 1 18 9 47 47
0378_0018_0009_0041_0041.jpg 1 18 9 41 41
0379_0015_0044_0035_0035.jpg 1 15 44 35 35
0380_0034_0020_0025_0025.jpg 1 34 20 25 25
0381_0033_0012_0044_0044.jpg 1 33 12 44 44
0382_0025_0014_0043_0043.jpg 1 25 14 43 43
0383_0018_0013_0037_0037.jpg 1 18 13 37 37
0384_0025_0023_0064_0064.jpg 1 25 23 64 64
0385_0020_0022_0051_0051.jpg 1 20 22 51 51
0386_0025_0008_0056_0056.jpg 1 25 8 56 56
0387_0019_0025_0060_0060.jpg 1 19 25 60 60
0388_0023_0011_0054_0054.jpg 1 23 11 54 54
0389_0016_0013_0025_0025.jpg 1 16 13 25 25
0390_0019_0024_0056_0056.jpg 1 19 24 56 56
0391_0025_0039_0047_0047.jpg 1 25 39 47 47
0392_0022_0024_0052_0052.jpg 1 22 24 52 52
0393_0010_0019_0044_0044.jpg 1 10 19 44 44
0394_0007_0027_0057_0057.jpg 1 7 27 57 57
0395_0013_0028_0061_0061.jpg 1 13 28 61 61
0396_0026_0018_0046_0046.jpg 1 26 18 46 46
0397_0015_0022_0068_0068.jpg 1 15 22 68 68
0398_0018_0016_0054_0054.jpg 1 18 16 54 54
0399_0034_0026_0050_0050.jpg 1 34 26 50 50
0400_0016_0013_0069_0069.jpg 1 16 13 69 69
0401_0024_0006_0055_0055.jpg 1 24 6 55 55
0402_0004_0021_0057_0057.jpg 1 4 21 57 57
0403_0019_0045_0041_0041.jpg 1 19 45 41 41
0404_0035_0054_0027_0027.jpg 1 35 54 27 27
0405_0037_0029_0043_0043.jpg 1 37 29 43 43
0406_0021_0019_0057_0057.jpg 1 21 19 57 57
0407_0006_0014_0032_0032.jpg 1 6 14 32 32
0408_0045_0042_0024_0024.jpg 1 45 42 24 24
0409_0025_0003_0068_0068.jpg 1 25 3 68 68
0410_0028_0051_0033_0033.jpg 1 28 51 33 33
0411_0028_0024_0037_0037.jpg 1 28 24 37 37
0412_0037_0016_0033_0033.jpg 1 37 16 33 33
0413_0013_0045_0040_0040.jpg 1 13 45 40 40
0414_0013_0008_0067_0067.jpg 1 13 8 67 67
0415_0007_0004_0069_0069.jpg 1 7 4 69 69
0416_0026_0009_0034_0034.jpg 1 26 9 34 34
0417_0023_0015_0040_0040.jpg 1 23 15 40 40
0418_0043_0018_0040_0040.jpg 1 43 18 40 40
0419_0006_0023_0054_0054.jpg 1 6 23 54 54
0420_0018_0026_0049_0049.jpg 1 18 26 49 49
0421_0020_0025_0067_0067.jpg 1 20 25 67 67
0422_0007_0016_0064_0064.jpg 1 7 16 64 64
0423_0016_0037_0051_0051.jpg 1 16 37 51 51
0424_0040_0019_0026_0026.jpg 1 40 19 26 26
0425_0007_0010_0060_0060.jpg 1 7 10 60 60
0426_0028_0022_0043_0043.jpg 1 28 22 43 43
0427_0004_0018_0064_0064.jpg 1 4 18 64 64
0428_0016_0014_0057_0057.jpg 1 16 14 57 57
0429_0047_0036_0039_0039.jpg 1 47 36 39 39
0430_0023_0017_0032_0032.jpg 1 23 17 32 32
0431_0024_0016_0031_0031.jpg 1 24 16 31 31
0432_0025_0008_0050_0050.jpg 1 25 8 50 50
0433_0014_0050_0030_0030.jpg 1 14 50 30 30
0434_0011_0016_0045_0045.jpg 1 11 16 45 45
0435_0036_0014_0048_0048.jpg 1 36 14 48 48
0436_0009_0020_0033_0033.jpg 1 9 20 33 33
0437_0014_0030_0059_0059.jpg 1 14 30 59 59
0438_0010_0034_0046_0046.jpg 1 10 34 46 46
0439_0027_0007_0064_0064.jpg 1 27 7 64 64
0440_0009_0017_0026_0026.jpg 1 9 17 26 26
0441_0029_0007_0058_0058.jpg 1 29 7 58 58
0442_0033_0029_0054_0054.jpg 1 33 29 54 54
0443_0006_0010_0045_0045.jpg 1 6 10 45 45
0444_0028_0040_0035_0035.jpg 1 28 40 35 35
0445_0026_0008_0057_0057.jpg 1 26 8 57 57
0446_0037_0014_0039_0039.jpg 1 37 14 39 39
0447_0028_0009_0044_0044.jpg 1 28 9 44 44
0448_0014_0020_0068_0068.jpg 1 14 20 68 68
0449_0017_0035_0053_0053.jpg 1 17 35 53 53
0450_0020_0021_0060_0060.jpg 1 20 21 60 60
0451_0029_0014_0061_0061.jpg 1 29 14 61 61
0452_0019_0013_0063_0063.jpg 1 19 13 63 63
0453_0012_0023_0046_0046.jpg 1 12 23 46 46
0454_0008_0025_0034_0034.jpg 1 8 25 34 34
0455_0036_0043_0027_0027.jpg 1 36 43 27 27
0456_0042_0035_0029_0029.jpg 1 42 35 29 29
0457_0010_0027_0064_0064.jpg 1 10 27 64 64
0458_0023_0027_0058_0058.jpg 1 23 27 58 58
0459_0028_0022_0052_0052.jpg 1 28 22 52 52
0460_0027_0021_0058_0058.jpg 1 27 21 58 58
0461_0035_0008_0031_0031.jpg 1 35 8 31 31
0462_0029_0007_0047_0047.jpg 1 29 7 47 47
0463_0032_0037_0049_0049.jpg 1 32 37 49 49
0464_0011_0022_0067_0067.jpg 1 11 22 67 67
0465_0017_0022_0066_0066.jpg 1 17 22 66 66
0466_0015_0057_0024_0024.jpg 1 15 57 24 24
0467_0025_0020_0062_0062.jpg 1 25 20 62 62
0468_0024_0021_0026_0026.jpg 1 24 21 26 26
0469_0048_0020_0039_0039.jpg 1 48 20 39 39
0470_0024_0019_0067_0067.jpg 1 24 19 67 67
0471_0010_0038_0040_0040.jpg 1 10 38 40 40
0472_0031_0016_0024_0024.jpg 1 31 16 24 24
0473_0022_0032_0033_0033.jpg 1 22 32 33 33
0474_0020_0023_0033_0033.jpg 1 20 23 33 33
0475_0023_0019_0055_0055.jpg 1 23 19 55 55
0476_0054_0055_0027_0027.jpg 1 54 55 27 27
0477_0022_0016_0043_0043.jpg 1 22 16 43 43
0478_0028_0007_0057_0057.jpg 1 28 7 57 57
0479_0038_0035_0037_0037.jpg 1 38 35 37 37
0480_0027_0052_0031_0031.jpg 1 27 52 31 31
0481_0031_0015_0038_0038.jpg 1 31 15 38 38
0482_0037_0018_0030_0030.jpg 1 37 18 30 30
0483_0025_0007_0054_0054.jpg 1 25 7 54 54
0484_0027_0009_0063_0063.jpg 1 27 9 63 63
0485_0007_0017_0066_0066.jpg 1 7 17 66 66
0486_0023_0032_0059_0059.jpg 1 23 32 59 59
0487_0007_0015_0064_0064.jpg 1 7 15 64 64
0488_0012_0019_0064_0064.jpg 1 12 19 64 64
0489_0017_0011_0048_0048.jpg 1 17 11 48 48
0490_0005_0021_0067_0067.jpg 1 5 21 67 67
0491_0012_0006_0056_0056.jpg 1 12 6 56 56
0492_0021_0005_0055_0055.jpg 1 21 5 55 55
0493_0024_0023_0052_0052.jpg 1 24 23 52 52
0494_0006_0006_0061_0061.jpg 1 6 6 61 61
0495_0013_0031_0060_0060.jpg 1 13 31 60 60
0496_0049_0046_0037_0037.jpg 1 49 46 37 37
0497_0018_0008_0066_0066.jpg 1 18 8 66 66
0498_0009_0055_0028_0028.jpg 1 9 55 28 28
0499_0010_0029_0055_0055.jpg 1 10 29 55 55
0500_0024_0039_0038_0038.jpg 1 24 39 38 38
0501_0006_0012_0066_0066.jpg 1 6 12 66 66
0502_0016_0011_0060_0060.jpg 1 16 11 60 60
0503_0011_0029_0024_0024.jpg 1 11 29 24 24
0504_0011_0027_0065_0065.jpg 1 11 27 65 65
0505_0047_0009_0028_0028.jpg 1 47 9 28 28
0506_0012_0005_0066_0066.jpg 1 12 5 66 66
0507_0007_0022_0063_0063.jpg 1 7 22 63 63
0508_0054_0027_0031_0031.jpg 1 54 27 31 31
0509_0022_0026_0026_0026.jpg 1 22 26 26 26
0510_0026_0025_0057_0057.jpg 1 26 25 57 57
0511_0046_0006_0041_0041.jpg 1 46 6 41 41
0512_0009_0026_0062_0062.jpg 1 9 26 62 62
0513_0018_0037_0048_0048.jpg 1 18 37 48 48
0514_0035_0041_0031_0031.jpg 1 35 41 31 31
0515_0024_0018_0043_0043.jpg 1 24 18 43 43
0516_0030_0020_0037_0037.jpg 1 30 20 37 37
0517_0014_0014_0053_0053.jpg 1 14 14 53 53
0518_0016_0009_0065_0065.jpg 1 16 9 65 65
0519_0013_0013_0056_0056.jpg 1 13 13 56 56
0520_0008_0021_0056_0056.jpg 1 8 21 56 56
0521_0022_0008_0064_0064.jpg 1 22 8 64 64
0522_0032_0048_0026_0026.jpg 1 32 48 26 26
0523_0012_0021_0068_0068.jpg 1 12 21 68 68
0524_0010_0023_0062_0062.jpg 1 10 23 62 62
0525_0018_0011_0041_0041.jpg 1 18 11 41 41
0526_0009_0027_0065_0065.jpg 1 9 27 65 65
0527_0009_0033_0057_0057.jpg 1 9 33 57 57
0528_0024_0024_0066_0066.jpg 1 24 24 66 66
0529_0025_0033_0039_0039.jpg 1 25 33 39 39
0530_0033_0009_0050_0050.jpg 1 33 9 50 50
0531_0017_0023_0060_0060.jpg 1 17 23 60 60
0532_0047_0008_0031_0031.jpg 1 47 8 31 31
0533_0028_0007_0051_0051.jpg 1 28 7 51 51
0534_0021_0028_0060_0060.jpg 1 21 28 60 60
0535_0019_0010_0030_0030.jpg 1 19 10 30 30
0536_0010_0029_0043_0043.jpg 1 10 29 43 43
0537_0019_0018_0055_0055.jpg 1 19 18 55 55
0538_0023_0028_0062_0062.jpg 1 23 28 62 62
0539_0037_0035_0028_0028.jpg 1 37 35 28 28
0540_0011_0026_0067_0067.jpg 1 11 26 67 67
0541_0012_0032_0055_0055.jpg 1 12 32 55 55
0542_0024_0023_0042_0042.jpg 1 24 23 42 42
0543_0019_0022_0069_0069.jpg 1 19 22 69 69
0544_0037_0017_0048_0048.jpg 1 37 17 48 48
0545_0014_0038_0048_0048.jpg 1 14 38 48 48
0546_0027_0029_0032_0032.jpg 1 27 29 32 32
0547_0025_0053_0032_0032.jpg 1 25 53 32 32
0548_0025_0005_0068_0068.jpg 1 25 5 68 68
0549_0012_0018_0027_0027.jpg 1 12 18 27 27
0550_0012_0019_0064_0064.jpg 1 12 19 64 64
0551_0018_0008_0069_0069.jpg 1 18 8 69 69
0552_0022_0027_0035_0035.jpg 1 22 27 35 35
0553_0021_0022_0066_0066.jpg 1 21 22 66 66
0554_0032_0035_0044_0044.jpg 1 32 35 44 44
0555_0032_0020_0024_0024.jpg 1 32 20 24 24
0556_0010_0025_0043_0043.jpg 1 10 25 43 43
0557_0033_0034_0055_0055.jpg 1 33 34 55 55
0558_0035_0022_0052_0052.jpg 1 35 22 52 52
0559_0042_0038_0025_0025.jpg 1 42 38 25 25
0560_0022_0020_0044_0044.jpg 1 22 20 44 44
0561_0027_0014_0064_0064.jpg 1 27 14 64 64
0562_0020_0006_0061_0061.jpg 1 20 6 61 61
0563_0013_0008_0029_0029.jpg 1 13 8 29 29
0564_0043_0039_0039_0039.jpg 1 43 39 39 39
0565_0006_0038_0046_0046.jpg 1 6 38 46 46
0566_0026_0021_0058_0058.jpg 1 26 21 58 58
0567_0024_0053_0025_0025.jpg 1 24 53 25 25
0568_0025_0044_0026_0026.jpg 1 25 44 26 26
0569_0023_0009_0067_0067.jpg 1 23 9 67 67
0570_0047_0045_0027_0027.jpg 1 47 45 27 27
0571_0033_0029_0042_0042.jpg 1 33 29 42 42
0572_0034_0048_0037_0037.jpg 1 34 48 37 37
0573_0048_0025_0030_0030.jpg 1 48 25 30 30
0574_0028_0028_0064_0064.jpg 1 28 28 64 64
0575_0010_0007_0069_0069.jpg 1 10 7 69 69
0576_0022_0016_0055_0055.jpg 1 22 16 55 55
0577_0014_0009_0069_0069.jpg 1 14 9 69 69
0578_0024_0011_0067_0067.jpg 1 24 11 67 67
0579_0014_0008_0060_0060.jpg 1 14 8 60 60
0580_0036_0036_0043_0043.jpg 1 36 36 43 43
0581_0008_0040_0025_0025.jpg 1 8 40 25 25
0582_0049_0028_0037_0037.jpg 1 49 28 37 37
0583_0004_0020_0068_0068.jpg 1 4 20 68 68
0584_0025_0047_0032_0032.jpg 1 25 47 32 32
0585_0019_0014_0065_0065.jpg 1 19 14 65 65
0586_0003_0019_0069_0069.jpg 1 3 19 69 69
0587_0027_0043_0032_0032.jpg 1 27 43 32 32
0588_0034_0040_0040_0040.jpg 1 34 40 40 40
0589_0007_0040_0040_0040.jpg 1 7 40 40 40
0590_0035_0014_0044_0044.jpg 1 35 14 44 44
0591_0012_0039_0031_0031.jpg 1 12 39 31 31
0592_0008_0005_0067_0067.jpg 1 8 5 67 67
0593_0019_0007_0063_0063.jpg 1 19 7 63 63
0594_0046_0009_0033_0033.jpg 1 46 9 33 33
0595_0052_0030_0027_0027.jpg 1 52 30 27 27
0596_0007_0018_0068_0068.jpg 1 7 18 68 68
0597_0010_0014_0066_0066.jpg 1 10 14 66 66
0598_0028_0031_0029_0029.jpg 1 28 31 29 29
0599_0027_0014_0062_0062.jpg 1 27 14 62 62
0600_0022_0019_0068_0068.jpg 1 22 19 68 68
0601_0017_0018_0069_0069.jpg 1 17 18 69 69
0602_0012_0023_0066_0066.jpg 1 12 23 66 66
0603_0024_0036_0049_0049.jpg 1 24 36 49 49
0604_0031_0033_0054_0054.jpg 1 31 33 54 54
0605_0011_0012_0045_0045.jpg 1 11 12 45 45
0606_0032_0017_0040_0040.jpg 1 32 17 40 40
0607_0019_0006_0058_0058.jpg 1 19 6 58 58
0608_0016_0033_0026_0026.jpg 1 16 33 26 26
0609_0009_0023_0067_0067.jpg 1 9 23 67 67
0610_0056_0060_0024_0024.jpg 1 56 60 24 24
0611_0036_0009_0034_0034.jpg 1 36 9 34 34
0612_0021_0015_0069_0069.jpg 1 21 15 69 69
0613_0005_0012_0049_0049.jpg 1 5 12 49 49
0614_0021_0014_0064_0064.jpg 1 21 14 64 64
0615_0028_0027_0059_0059.jpg 1 28 27 59 59
0616_0009_0028_0046_0046.jpg 1 9 28 46 46
0617_0018_0028_0062_0062.jpg 1 18 28 62 62
0618_0019_0043_0029_0029.jpg 1 19 43 29 29
0619_0012_0033_0031_0031.jpg 1 12 33 31 31
0620_0034_0045_0039_0039.jpg 1 34 45 39 39
0621_0036_0011_0051_0051.jpg 1 36 11 51 51
0622_0017_0012_0049_0049.jpg 1 17 12 49 49
0623_0005_0008_0069_0069.jpg 1 5 8 69 69
0624_0024_0011_0063_0063.jpg 1 24 11 63 63
0625_0033_0018_0045_0045.jpg 1 33 18 45 45
0626_0030_0007_0046_0046.jpg 1 30 7 46 46
0627_0046_0033_0038_0038.jpg 1 46 33 38 38
0628_0035_0028_0035_0035.jpg 1 35 28 35 35
0629_0027_0042_0026_0026.jpg 1 27 42 26 26
0630_0017_0026_0039_0039.jpg 1 17 26 39 39
0631_0023_0042_0031_0031.jpg 1 23 42 31 31
0632_0051_0049_0030_0030.jpg 1 51 49 30 30
0633_0006_0024_0057_0057.jpg 1 6 24 57 57
0634_0018_0008_0060_0060.jpg 1 18 8 60 60
0635_0024_0026_0063_0063.jpg 1 24 26 63 63
0636_0012_0029_0055_0055.jpg 1 12 29 55 55
0637_0018_0007_0062_0062.jpg 1 18 7 62 62
0638_0024_0020_0050_0050.jpg 1 24 20 50 50
0639_0030_0043_0033_0033.jpg 1 30 43 33 33
0640_0020_0031_0036_0036.jpg 1 20 31 36 36
0641_0011_0039_0032_0032.jpg 1 11 39 32 32
0642_0025_0026_0028_0028.jpg 1 25 26 28 28
0643_0027_0021_0043_0043.jpg 1 27 21 43 43
0644_0028_0006_0064_0064.jpg 1 28 6 64 64
0645_0022_0006_0059_0059.jpg 1 22 6 59 59
0646_0029_0031_0059_0059.jpg 1 29 31 59 59
0647_0050_0047_0033_0033.jpg 1 50 47 33 33
0648_0042_0009_0043_0043.jpg 1 42 9 43 43
0649_0022_0051_0034_0034.jpg 1 22 51 34 34
0650_0037_0026_0036_0036.jpg 1 37 26 36 36
0651_0016_0011_0069_0069.jpg 1 16 11 69 69
0652_0018_0007_0059_0059.jpg 1 18 7 59 59
0653_0012_0026_0044_0044.jpg 1 12 26 44 44
0654_0004_0006_0065_0065.jpg 1 4 6 65 65
0655_0025_0024_0043_0043.jpg 1 25 24 43 43
0656_0041_0011_0041_0041.jpg 1 41 11 41 41
0657_0019_0008_0053_0053.jpg 1 19 8 53 53
0658_0019_0023_0069_0069.jpg 1 19 23 69 69
0659_0019_0016_0069_0069.jpg 1 19 16 69 69
0660_0010_0040_0026_0026.jpg 1 10 40 26 26
0661_0005_0031_0057_0057.jpg 1 5 31 57 57
0662_0029_0028_0034_0034.jpg 1 29 28 34 34
0663_0044_0017_0035_0035.jpg 1 44 17 35 35
0664_0041_0009_0045_0045.jpg 1 41 9 45 45
0665_0006_0015_0054_0054.jpg 1 6 15 54 54
0666_0031_0045_0036_0036.jpg 1 31 45 36 36
0667_0022_0016_0036_0036.jpg 1 22 16 36 36
0668_0010_0019_0059_0059.jpg 1 10 19 59 59
0669_0016_0024_0068_0068.jpg 1 16 24 68 68
0670_0024_0031_0043_0043.jpg 1 24 31 43 43
0671_0007_0005_0055_0055.jpg 1 7 5 55 55
0672_0044_0015_0024_0024.jpg 1 44 15 24 24
0673_0006_0008_0066_0066.jpg 1 6 8 66 66
0674_0011_0005_0050_0050.jpg 1 11 5 50 50
0675_0031_0017_0043_0043.jpg 1 31 17 43 43
0676_0016_0039_0047_0047.jpg 1 16 39 47 47
0677_0040_0056_0029_0029.jpg 1 40 56 29 29
0678_0010_0006_0043_0043.jpg 1 10 6 43 43
0679_0023_0023_0053_0053.jpg 1 23 23 53 53
0680_0011_0034_0050_0050.jpg 1 11 34 50 50
0681_0011_0008_0034_0034.jpg 1 11 8 34 34
0682_0025_0011_0046_0046.jpg 1 25 11 46 46
0683_0026_0039_0047_0047.jpg 1 26 39 47 47
0684_0037_0010_0035_0035.jpg 1 37 10 35 35
0685_0022_0012_0056_0056.jpg 1 22 12 56 56
0686_0016_0015_0026_0026.jpg 1 16 15 26 26
0687_0038_0032_0032_0032.jpg 1 38 32 32 32
0688_0009_0008_0069_0069.jpg 1 9 8 69 69
0689_0009_0042_0046_0046.jpg 1 9 42 46 46
0690_0021_0027_0059_0059.jpg 1 21 27 59 59
0691_0024_0015_0060_0060.jpg 1 24 15 60 60
0692_0022_0017_0060_0060.jpg 1 22 17 60 60
0693_0037_0028_0041_0041.jpg 1 37 28 41 41
0694_0014_0048_0037_0037.jpg 1 14 48 37 37
0695_0026_0022_0038_0038.jpg 1 26 22 38 38
0696_0009_0004_0068_0068.jpg 1 9 4 68 68
0697_0032_0023_0040_0040.jpg 1 32 23 40 40
0698_0004_0026_0066_0066.jpg 1 4 26 66 66
0699_0021_0027_0050_0050.jpg 1 21 27 50 50
0700_0004_0034_0057_0057.jpg 1 4 34 57 57
0701_0039_0040_0028_0028.jpg 1 39 40 28 28
0702_0030_0040_0025_0025.jpg 1 30 40 25 25
0703_0027_0011_0037_0037.jpg 1 27 11 37 37
0704_0026_0029_0053_0053.jpg 1 26 29 53 53
0705_0019_0038_0049_0049.jpg 1 19 38 49 49
0706_0027_0027_0045_0045.jpg 1 27 27 45 45
0707_0035_0005_0046_0046.jpg 1 35 5 46 46
0708_0024_0021_0059_0059.jpg 1 24 21 59 59
0709_0015_0033_0028_0028.jpg 1 15 33 28 28
0710_0028_0026_0038_0038.jpg 1 28 26 38 38
0711_0027_0025_0040_0040.jpg 1 27 25 40 40
0712_0053_0048_0028_0028.jpg 1 53 48 28 28
0713_0015_0025_0064_0064.jpg 1 15 25 64 64
0714_0026_0030_0055_0055.jpg 1 26 30 55 55
0715_0008_0009_0060_0060.jpg 1 8 9 60 60
0716_0008_0014_0068_0068.jpg 1 8 14 68 68
0717_0007_0018_0066_0066.jpg 1 7 18 66 66
0718_0016_0042_0032_0032.jpg 1 16 42 32 32
0719_0011_0021_0062_0062.jpg 1 11 21 62 62
0720_0016_0029_0050_0050.jpg 1 16 29 50 50
0721_0040_0041_0047_0047.jpg 1 40 41 47 47
0722_0014_0023_0024_0024.jpg 1 14 23 24 24
0723_0005_0009_0047_0047.jpg 1 5 9 47 47
0724_0020_0009_0050_0050.jpg 1 20 9 50 50
0725_0023_0021_0032_0032.jpg 1 23 21 32 32
0726_0040_0041_0032_0032.jpg 1 40 41 32 32
0727_0008_0016_0064_0064.jpg 1 8 16 64 64
0728_0019_0026_0045_0045.jpg 1 19 26 45 45
0729_0023_0010_0042_0042.jpg 1 23 10 42 42
0730_0015_0009_0059_0059.jpg 1 15 9 59 59
0731_0010_0022_0044_0044.jpg 1 10 22 44 44
0732_0005_0010_0066_0066.jpg 1 5 10 66 66
0733_0021_0008_0064_0064.jpg 1 21 8 64 64
0734_0017_0041_0042_0042.jpg 1 17 41 42 42
0735_0036_0044_0042_0042.jpg 1 36 44 42 42
0736_0035_0009_0034_0034.jpg 1 35 9 34 34
0737_0045_0009_0029_0029.jpg 1 45 9 29 29
0738_0026_0051_0026_0026.jpg 1 26 51 26 26
0739_0025_0021_0065_0065.jpg 1 25 21 65 65
0740_0046_0026_0038_0038.jpg 1 46 26 38 38
0741_0024_0026_0051_0051.jpg 1 24 26 51 51
0742_0014_0011_0048_0048.jpg 1 14 11 48 48
0743_0034_0031_0038_0038.jpg 1 34 31 38 38
0744_0043_0024_0032_0032.jpg 1 43 24 32 32
0745_0009_0015_0050_0050.jpg 1 9 15 50 50
0746_0027_0036_0039_0039.jpg 1 27 36 39 39
0747_0029_0005_0063_0063.jpg 1 29 5 63 63
0748_0032_0010_0052_0052.jpg 1 32 10 52 52
0749_0028_0045_0041_0041.jpg 1 28 45 41 41
0750_0018_0017_0058_0058.jpg 1 18 17 58 58
0751_0024_0013_0061_0061.jpg 1 24 13 61 61
0752_0024_0023_0057_0057.jpg 1 24 23 57 57
0753_0018_0007_0060_0060.jpg 1 18 7 60 60
0754_0059_0026_0025_0025.jpg 1 59 26 25 25
0755_0024_0010_0055_0055.jpg 1 24 10 55 55
0756_0030_0037_0036_0036.jpg 1 30 37 36 36
0757_0026_0017_0065_0065.jpg 1 26 17 65 65
0758_0034_0040_0037_0037.jpg 1 34 40 37 37
0759_0025_0022_0055_0055.jpg 1 25 22 55 55
0760_0009_0010_0054_0054.jpg 1 9 10 54 54
0761_0025_0027_0039_0039.jpg 1 25 27 39 39
0762_0015_0017_0058_0058.jpg 1 15 17 58 58
0763_0033_0019_0041_0041.jpg 1 33 19 41 41
0764_0005_0014_0064_0064.jpg 1 5 14 64 64
0765_0031_0024_0056_0056.jpg 1 31 24 56 56
0766_0006_0009_0068_0068.jpg 1 6 9 68 68
0767_0036_0008_0045_0045.jpg 1 36 8 45 45
0768_0027_0031_0040_0040.jpg 1 27 31 40 40
0769_0037_0033_0050_0050.jpg 1 37 33 50 50
0770_0011_0019_0054_0054.jpg 1 11 19 54 54
0771_0022_0021_0062_0062.jpg 1 22 21 62 62
0772_0009_0008_0031_0031.jpg 1 9 8 31 31
0773_0019_0008_0069_0069.jpg 1 19 8 69 69
0774_0015_0038_0047_0047.jpg 1 15 38 47 47
0775_0025_0032_0053_0053.jpg 1 25 32 53 53
0776_0027_0022_0034_0034.jpg 1 27 22 34 34
0777_0024_0006_0062_0062.jpg 1 24 6 62 62
0778_0008_0024_0043_0043.jpg 1 8 24 43 43
0779_0031_0016_0024_0024.jpg 1 31 16 24 24
0780_0018_0012_0069_0069.jpg 1 18 12 69 69
0781_0003_0016_0067_0067.jpg 1 3 16 67 67
0782_0008_0030_0039_0039.jpg 1 8 30 39 39
0783_0035_0035_0053_0053.jpg 1 35 35 53 53
0784_0021_0037_0031_0031.jpg 1 21 37 31 31
0785_0007_0015_0067_0067.jpg 1 7 15 67 67
0786_0012_0019_0058_0058.jpg 1 12 19 58 58
0787_0022_0021_0067_0067.jpg 1 22 21 67 67
0788_0032_0030_0048_0048.jpg 1 32 30 48 48
0789_0018_0023_0064_0064.jpg 1 18 23 64 64
0790_0017_0040_0038_0038.jpg 1 17 40 38 38
0791_0008_0015_0035_0035.jpg 1 8 15 35 35
0792_0007_0016_0049_0049.jpg 1 7 16 49 49
0793_0007_0011_0057_0057.jpg 1 7 11 57 57
0794_0047_0014_0040_0040.jpg 1 47 14 40 40
0795_0041_0050_0035_0035.jpg 1 41 50 35 35
0796_0028_0013_0027_0027.jpg 1 28 13 27 27
0797_0006_0029_0038_0038.jpg 1 6 29 38 38
0798_0010_0013_0037_0037.jpg 1 10 13 37 37
0799_0038_0007_0024_0024.jpg 1 38 7 24 24
0800_0008_0026_0059_0059.jpg 1 8 26 59 59
0801_0036_0014_0042_0042.jpg 1 36 14 42 42
0802_0015_0034_0042_0042.jpg 1 15 34 42 42
0803_0006_0024_0063_0063.jpg 1 6 24 63 63
0804_0013_0020_0054_0054.jpg 1 13 20 54 54
0805_0049_0033_0032_0032.jpg 1 49 33 32 32
0806_0008_0004_0064_0064.jpg 1 8 4 64 64
0807_0030_0035_0042_0042.jpg 1 30 35 42 42
0808_0009_0045_0031_0031.jpg 1 9 45 31 31
0809_0045_0028_0033_0033.jpg 1 45 28 33 33
0810_0044_0048_0037_0037.jpg 1 44 48 37 37
0811_0041_0021_0036_0036.jpg 1 41 21 36 36
0812_0018_0006_0067_0067.jpg 1 18 6 67 67
0813_0024_0043_0041_0041.jpg 1 24 43 41 41
0814_0013_0022_0067_0067.jpg 1 13 22 67 67
0815_0019_0005_0043_0043.jpg 1 19 5 43 43
0816_0053_0058_0024_0024.jpg 1 53 58 24 24
0817_0014_0036_0039_0039.jpg 1 14 36 39 39
0818_0014_0014_0066_0066.jpg 1 14 14 66 66
0819_0047_0031_0040_0040.jpg 1 47 31 40 40
0820_0007_0032_0036_0036.jpg 1 7 32 36 36
0821_0053_0040_0029_0029.jpg 1 53 40 29 29
0822_0045_0048_0025_0025.jpg 1 45 48 25 25
0823_0028_0015_0064_0064.jpg 1 28 15 64 64
0824_0044_0047_0028_0028.jpg 1 44 47 28 28
0825_0015_0009_0067_0067.jpg 1 15 9 67 67
0826_0026_0005_0044_0044.jpg 1 26 5 44 44
0827_0014_0030_0036_0036.jpg 1 14 30 36 36
0828_0015_0026_0046_0046.jpg 1 15 26 46 46
0829_0040_0007_0025_0025.jpg 1 40 7 25 25
0830_0017_0035_0025_0025.jpg 1 17 35 25 25
0831_0014_0025_0042_0042.jpg 1 14 25 42 42
0832_0014_0030_0059_0059.jpg 1 14 30 59 59
0833_0011_0045_0040_0040.jpg 1 11 45 40 40
0834_0032_0032_0051_0051.jpg 1 32 32 51 51
0835_0030_0014_0046_0046.jpg 1 30 14 46 46
0836_0020_0029_0045_0045.jpg 1 20 29 45 45
0837_0046_0058_0026_0026.jpg 1 46 58 26 26
0838_0034_0021_0030_0030.jpg 1 34 21 30 30
0839_0023_0017_0055_0055.jpg 1 23 17 55 55
0840_0041_0054_0024_0024.jpg 1 41 54 24 24
0841_0008_0009_0058_0058.jpg 1 8 9 58 58
0842_0012_0007_0054_0054.jpg 1 12 7 54 54
0843_0021_0042_0038_0038.jpg 1 21 42 38 38
0844_0021_0023_0055_0055.jpg 1 21 23 55 55
0845_0018_0039_0050_0050.jpg 1 18 39 50 50
0846_0031_0014_0058_0058.jpg 1 31 14 58 58
0847_0012_0028_0050_0050.jpg 1 12 28 50 50
0848_0035_0043_0044_0044.jpg 1 35 43 44 44
0849_0032_0013_0027_0027.jpg 1 32 13 27 27
0850_0024_0028_0062_0062.jpg 1 24 28 62 62
0851_0014_0021_0067_0067.jpg 1 14 21 67 67
0852_0052_0056_0026_0026.jpg 1 52 56 26 26
0853_0047_0028_0039_0039.jpg 1 47 28 39 39
0854_0015_0010_0025_0025.jpg 1 15 10 25 25
0855_0024_0009_0060_0060.jpg 1 24 9 60 60
0856_0045_0050_0034_0034.jpg 1 45 50 34 34
0857_0024_0015_0036_0036.jpg 1 24 15 36 36
0858_0015_0016_0029_0029.jpg 1 15 16 29 29
0859_0043_0021_0044_0044.jpg 1 43 21 44 44
0860_0019_0023_0050_0050.jpg 1 19 23 50 50
0861_0046_0059_0025_0025.jpg 1 46 59 25 25
0862_0031_0023_0041_0041.jpg 1 31 23 41 41
0863_0005_0039_0047_0047.jpg 1 5 39 47 47
0864_0031_0032_0048_0048.jpg 1 31 32 48 48
0865_0007_0010_0067_0067.jpg 1 7 10 67 67
0866_0032_0024_0057_0057.jpg 1 32 24 57 57
0867_0038_0021_0038_0038.jpg 1 38 21 38 38
0868_0014_0055_0024_0024.jpg 1 14 55 24 24
0869_0039_0031_0033_0033.jpg 1 39 31 33 33
0870_0022_0005_0063_0063.jpg 1 22 5 63 63
0871_0019_0013_0032_0032.jpg 1 19 13 32 32
0872_0022_0004_0066_0066.jpg 1 22 4 66 66
0873_0015_0004_0060_0060.jpg 1 15 4 60 60
0874_0033_0028_0037_0037.jpg 1 33 28 37 37
0875_0023_0015_0057_0057.jpg 1 23 15 57 57
0876_0041_0029_0035_0035.jpg 1 41 29 35 35
0877_0023_0026_0058_0058.jpg 1 23 26 58 58
0878_0024_0035_0050_0050.jpg 1 24 35 50 50
0879_0034_0035_0050_0050.jpg 1 34 35 50 50
0880_0017_0009_0049_0049.jpg 1 17 9 49 49
0881_0009_0038_0051_0051.jpg 1 9 38 51 51
0882_0035_0025_0048_0048.jpg 1 35 25 48 48
0883_0040_0023_0043_0043.jpg 1 40 23 43 43
0884_0046_0040_0026_0026.jpg 1 46 40 26 26
0885_0031_0029_0030_0030.jpg 1 31 29 30 30
0886_0013_0029_0033_0033.jpg 1 13 29 33 33
0887_0011_0010_0032_0032.jpg 1 11 10 32 32
0888_0015_0036_0035_0035.jpg 1 15 36 35 35
0889_0026_0032_0028_0028.jpg 1 26 32 28 28
0890_0012_0016_0060_0060.jpg 1 12 16 60 60
0891_0013_0017_0041_0041.jpg 1 13 17 41 41
0892_0014_0014_0068_0068.jpg 1 14 14 68 68
0893_0008_0009_0031_0031.jpg 1 8 9 31 31
0894_0038_0030_0045_0045.jpg 1 38 30 45 45
0895_0024_0007_0049_0049.jpg 1 24 7 49 49
0896_0012_0023_0056_0056.jpg 1 12 23 56 56
0897_0013_0024_0053_0053.jpg 1 13 24 53 53
0898_0014_0045_0024_0024.jpg 1 14 45 24 24
0899_0033_0037_0030_0030.jpg 1 33 37 30 30
0900_0036_0050_0036_0036.jpg 1 36 50 36 36
0901_0028_0047_0031_0031.jpg 1 28 47 31 31
0902_0008_0033_0052_0052.jpg 1 8 33 52 52
0903_0017_0021_0053_0053.jpg 1 17 21 53 53
0904_0020_0008_0054_0054.jpg 1 20 8 54 54
0905_0008_0012_0042_0042.jpg 1 8 12 42 42
0906_0023_0037_0044_0044.jpg 1 23 37 44 44
0907_0033_0015_0053_0053.jpg 1 33 15 53 53
0908_0049_0010_0027_0027.jpg 1 49 10 27 27
0909_0011_0021_0046_0046.jpg 1 11 21 46 46
0910_0048_0025_0036_0036.jpg 1 48 25 36 36
0911_0032_0012_0032_0032.jpg 1 32 12 32 32
0912_0029_0012_0041_0041.jpg 1 29 12 41 41
0913_0049_0050_0029_0029.jpg 1 49 50 29 29
0914_0028_0017_0041_0041.jpg 1 28 17 41 41
0915_0004_0019_0054_0054.jpg 1 4 19 54 54
0916_0016_0027_0029_0029.jpg 1 16 27 29 29
0917_0010_0006_0044_0044.jpg 1 10 6 44 44
0918_0027_0012_0063_0063.jpg 1 27 12 63 63
0919_0017_0007_0069_0069.jpg 1 17 7 69 69
0920_0024_0038_0050_0050.jpg 1 24 38 50 50
0921_0054_0032_0030_0030.jpg 1 54 32 30 30
0922_0006_0022_0051_0051.jpg 1 6 22 51 51
0923_0008_0028_0057_0057.jpg 1 8 28 57 57
0924_0024_0028_0047_0047.jpg 1 24 28 47 47
0925_0036_0020_0027_0027.jpg 1 36 20 27 27
0926_0030_0028_0033_0033.jpg 1 30 28 33 33
0927_0031_0025_0054_0054.jpg 1 31 25 54 54
0928_0035_0011_0055_0055.jpg 1 35 11 55 55
0929_0010_0041_0039_0039.jpg 1 10 41 39 39
0930_0005_0018_0066_0066.jpg 1 5 18 66 66
0931_0035_0020_0037_0037.jpg 1 35 20 37 37
0932_0018_0009_0055_0055.jpg 1 18 9 55 55
0933_0011_0014_0031_0031.jpg 1 11 14 31 31
0934_0017_0007_0059_0059.jpg 1 17 7 59 59
0935_0022_0009_0065_0065.jpg 1 22 9 65 65
0936_0008_0009_0059_0059.jpg 1 8 9 59 59
0937_0016_0031_0055_0055.jpg 1 16 31 55 55
0938_0028_0009_0052_0052.jpg 1 28 9 52 52
0939_0021_0005_0061_0061.jpg 1 21 5 61 61
0940_0020_0009_0059_0059.jpg 1 20 9 59 59
0941_0031_0017_0040_0040.jpg 1 31 17 40 40
0942_0047_0044_0028_0028.jpg 1 47 44 28 28
0943_0039_0032_0025_0025.jpg 1 39 32 25 25
0944_0007_0038_0052_0052.jpg 1 7 38 52 52
0945_0025_0016_0064_0064.jpg 1 25 16 64 64
0946_0026_0025_0028_0028.jpg 1 26 25 28 28
0947_0018_0014_0026_0026.jpg 1 18 14 26 26
0948_0011_0008_0066_0066.jpg 1 11 8 66 66
0949_0007_0019_0065_0065.jpg 1 7 19 65 65
0950_0021_0032_0032_0032.jpg 1 21 32 32 32
0951_0044_0048_0039_0039.jpg 1 44 48 39 39
0952_0005_0031_0058_0058.jpg 1 5 31 58 58
0953_0021_0014_0041_0041.jpg 1 21 14 41 41
0954_0020_0014_0063_0063.jpg 1 20 14 63 63
0955_0028_0015_0044_0044.jpg 1 28 15 44 44
0956_0026_0047_0024_0024.jpg 1 26 47 24 24
0957_0005_0011_0068_0068.jpg 1 5 11 68 68
0958_0030_0017_0056_0056.jpg 1 30 17 56 56
0959_0026_0026_0064_0064.jpg 1 26 26 64 64
0960_0022_0039_0050_0050.jpg 1 22 39 50 50
0961_0016_0016_0047_0047.jpg 1 16 16 47 47
0962_0014_0010_0027_0027.jpg 1 14 10 27 27
0963_0039_0041_0030_0030.jpg 1 39 41 30 30
0964_0053_0034_0026_0026.jpg 1 53 34 26 26
0965_0026_0013_0061_0061.jpg 1 26 13 61 61
0966_0023_0004_0060_0060.jpg 1 23 4 60 60
0967_0040_0030_0043_0043.jpg 1 40 30 43 43
0968_0037_0007_0035_0035.jpg 1 37 7 35 35
0969_0038_0045_0034_0034.jpg 1 38 45 34 34
0970_0043_0012_0038_0038.jpg 1 43 12 38 38
0971_0042_0045_0024_0024.jpg 1 42 45 24 24
0972_0020_0026_0052_0052.jpg 1 20 26 52 52
0973_0049_0011_0038_0038.jpg 1 49 11 38 38
0974_0036_0038_0043_0043.jpg 1 36 38 43 43
0975_0027_0012_0032_0032.jpg 1 27 12 32 32
0976_0022_0021_0054_0054.jpg 1 22 21 54 54
0977_0023_0014_0069_0069.jpg 1 23 14 69 69
0978_0015_0012_0063_0063.jpg 1 15 12 63 63
0979_0022_0010_0032_0032.jpg 1 22 10 32 32
0980_0029_0051_0027_0027.jpg 1 29 51 27 27
0981_0052_0046_0032_0032.jpg 1 52 46 32 32
0982_0033_0019_0058_0058.jpg 1 33 19 58 58
0983_0012_0024_0055_0055.jpg 1 12 24 55 55
0984_0009_0022_0027_0027.jpg 1 9 22 27 27
0985_0004_0015_0068_0068.jpg 1 4 15 68 68
0986_0026_0023_0065_0065.jpg 1 26 23 65 65
0987_0017_0007_0059_0059.jpg 1 17 7 59 59
0988_0018_0032_0043_0043.jpg 1 18 32 43 43
0989_0024_0005_0052_0052.jpg 1 24 5 52 52
0990_0049_0020_0031_0031.jpg 1 49 20 31 31
0991_0028_0019_0064_0064.jpg 1 28 19 64 64
0992_0020_0025_0044_0044.jpg 1 20 25 44 44
0993_0011_0006_0059_0059.jpg 1 11 6 59 59
0994_0024_0023_0064_0064.jpg 1 24 23 64 64
0995_0034_0040_0031_0031.jpg 1 34 40 31 31
0996_0009_0010_0049_0049.jpg 1 9 10 49 49
0997_0027_0022_0045_0045.jpg 1 27 22 45 45
0998_0011_0035_0052_0052.jpg 1 11 35 52 52
0999_0049_0026_0026_0026.jpg 1 49 26 26 26
1000_0031_0010_0056_0056.jpg 1 31 10 56 56
1001_0008_0039_0048_0048.jpg 1 8 39 48 48
1002_0015_0012_0040_0040.jpg 1 15 12 40 40
1003_0013_0039_0040_0040.jpg 1 13 39 40 40
1004_0016_0006_0063_0063.jpg 1 16 6 63 63
1005_0034_0028_0045_0045.jpg 1 34 28 45 45
1006_0028_0019_0060_0060.jpg 1 28 19 60 60
1007_0031_0020_0053_0053.jpg 1 31 20 53 53
1008_0042_0032_0025_0025.jpg 1 42 32 25 25
1009_0017_0025_0063_0063.jpg 1 17 25 63 63
1010_0020_0010_0066_0066.jpg 1 20 10 66 66
1011_0041_0032_0041_0041.jpg 1 41 32 41 41
1012_0012_0020_0068_0068.jpg 1 12 20 68 68
1013_0018_0013_0040_0040.jpg 1 18 13 40 40
1014_0010_0013_0066_0066.jpg 1 10 13 66 66
1015_0036_0027_0024_0024.jpg 1 36 27 24 24
1016_0011_0034_0050_0050.jpg 1 11 34 50 50
1017_0036_0022_0040_0040.jpg 1 36 22 40 40
1018_0028_0025_0054_0054.jpg 1 28 25 54 54
1019_0022_0010_0031_0031.jpg 1 22 10 31 31
1020_0037_0032_0038_0038.jpg 1 37 32 38 38
1021_0022_0020_0046_0046.jpg 1 22 20 46 46
1022_0011_0024_0060_0060.jpg 1 11 24 60 60
1023_0039_0030_0028_0028.jpg 1 39 30 28 28
1024_0004_0026_0066_0066.jpg 1 4 26 66 66
1025_0029_0021_0052_0052.jpg 1 29 21 52 52
1026_0017_0024_0040_0040.jpg 1 17 24 40 40
1027_0029_0027_0040_0040.jpg 1 29 27 40 40
1028_0009_0008_0062_0062.jpg 1 9 8 62 62
1029_0007_0016_0048_0048.jpg 1 7 16 48 48
1030_0033_0017_0041_0041.jpg 1 33 17 41 41
1031_0020_0003_0069_0069.jpg 1 20 3 69 69
1032_0021_0015_0042_0042.jpg 1 21 15 42 42
1033_0033_0026_0054_0054.jpg 1 33 26 54 54
1034_0006_0018_0068_0068.jpg 1 6 18 68 68
1035_0036_0013_0045_0045.jpg 1 36 13 45 45
1036_0008_0029_0034_0034.jpg 1 8 29 34 34
1037_0012_0025_0057_0057.jpg 1 12 25 57 57
1038_0033_0008_0043_0043.jpg 1 33 8 43 43
1039_0032_0025_0030_0030.jpg 1 32 25 30 30
1040_0014_0008_0058_0058.jpg 1 14 8 58 58
1041_0012_0016_0059_0059.jpg 1 12 16 59 59
1042_0025_0030_0032_0032.jpg 1 25 30 32 32
1043_0032_0049_0026_0026.jpg 1 32 49 26 26
1044_0033_0005_0047_0047.jpg 1 33 5 47 47
1045_0039_0013_0047_0047.jpg 1 39 13 47 47
1046_0050_0021_0031_0031.jpg 1 50 21 31 31
1047_0011_0033_0034_0034.jpg 1 11 33 34 34
1048_0005_0006_0061_0061.jpg 1 5 6 61 61
1049_0019_0036_0052_0052.jpg 1 19 36 52 52
1050_0019_0004_0067_0067.jpg 1 19 4 67 67
1051_0023_0023_0069_0069.jpg 1 23 23 69 69
1052_0008_0024_0066_0066.jpg 1 8 24 66 66
1053_0031_0006_0052_0052.jpg 1 31 6 52 52
1054_0021_0028_0036_0036.jpg 1 21 28 36 36
1055_0016_0015_0057_0057.jpg 1 16 15 57 57
1056_0014_0010_0067_0067.jpg 1 14 10 67 67
1057_0011_0003_0068_0068.jpg 1 11 3 68 68
1058_0023_0026_0043_0043.jpg 1 23 26 43 43
1059_0010_0019_0054_0054.jpg 1 10 19 54 54
1060_0018_0033_0030_0030.jpg 1 18 33 30 30
1061_0026_0029_0034_0034.jpg 1 26 29 34 34
1062_0008_0012_0046_0046.jpg 1 8 12 46 46
1063_0033_0021_0057_0057.jpg 1 33 21 57 57
1064_0038_0029_0045_0045.jpg 1 38 29 45 45
1065_0048_0043_0026_0026.jpg 1 48 43 26 26
1066_0005_0021_0053_0053.jpg 1 5 21 53 53
1067_0037_0037_0033_0033.jpg 1 37 37 33 33
1068_0005_0011_0067_0067.jpg 1 5 11 67 67
1069_0019_0007_0048_0048.jpg 1 19 7 48 48
1070_0014_0006_0060_0060.jpg 1 14 6 60 60
1071_0038_0031_0050_0050.jpg 1 38 31 50 50
1072_0012_0028_0056_0056.jpg 1 12 28 56 56
1073_0020_0027_0063_0063.jpg 1 20 27 63 63
1074_0025_0016_0054_0054.jpg 1 25 16 54 54
1075_0008_0009_0069_0069.jpg 1 8 9 69 69
1076_0038_0040_0036_0036.jpg 1 38 40 36 36
1077_0005_0021_0064_0064.jpg 1 5 21 64 64
1078_0020_0008_0064_0064.jpg 1 20 8 64 64
1079_0045_0011_0032_0032.jpg 1 45 11 32 32
1080_0031_0017_0053_0053.jpg 1 31 17 53 53
1081_0034_0041_0028_0028.jpg 1 34 41 28 28
1082_0028_0012_0064_0064.jpg 1 28 12 64 64
1083_0014_0008_0060_0060.jpg 1 14 8 60 60
1084_0046_0042_0034_0034.jpg 1 46 42 34 34
1085_0053_0045_0026_0026.jpg 1 53 45 26 26
1086_0022_0008_0066_0066.jpg 1 22 8 66 66
1087_0018_0014_0066_0066.jpg 1 18 14 66 66
1088_0027_0036_0042_0042.jpg 1 27 36 42 42
1089_0030_0053_0026_0026.jpg 1 30 53 26 26
1090_0040_0057_0026_0026.jpg 1 40 57 26 26
1091_0024_0019_0033_0033.jpg 1 24 19 33 33
1092_0035_0025_0052_0052.jpg 1 35 25 52 52
1093_0012_0010_0052_0052.jpg 1 12 10 52 52
1094_0015_0016_0026_0026.jpg 1 15 16 26 26
1095_0027_0041_0038_0038.jpg 1 27 41 38 38
1096_0046_0017_0033_0033.jpg 1 46 17 33 33
1097_0014_0024_0054_0054.jpg 1 14 24 54 54
1098_0022_0027_0064_0064.jpg 1 22 27 64 64
1099_0006_0020_0059_0059.jpg 1 6 20 59 59
1100_0042_0025_0030_0030.jpg 1 42 25 30 30
1101_0042_0019_0025_0025.jpg 1 42 19 25 25
1102_0008_0035_0029_0029.jpg 1 8 35 29 29
1103_0031_0043_0026_0026.jpg 1 31 43 26 26
1104_0006_0031_0059_0059.jpg 1 6 31 59 59
1105_0013_0045_0042_0042.jpg 1 13 45 42 42
1106_0004_0019_0063_0063.jpg 1 4 19 63 63
1107_0018_0018_0051_0051.jpg 1 18 18 51 51
1108_0018_0008_0036_0036.jpg 1 18 8 36 36
1109_0011_0027_0052_0052.jpg 1 11 27 52 52
1110_0050_0031_0031_0031.jpg 1 50 31 31 31
1111_0024_0013_0048_0048.jpg 1 24 13 48 48
1112_0028_0036_0039_0039.jpg 1 28 36 39 39
1113_0030_0024_0058_0058.jpg 1 30 24 58 58
1114_0016_0013_0065_0065.jpg 1 16 13 65 65
1115_0025_0014_0046_0046.jpg 1 25 14 46 46
1116_0028_0019_0052_0052.jpg 1 28 19 52 52
1117_0009_0021_0062_0062.jpg 1 9 21 62 62
1118_0046_0012_0038_0038.jpg 1 46 12 38 38
1119_0025_0031_0054_0054.jpg 1 25 31 54 54
1120_0008_0040_0036_0036.jpg 1 8 40 36 36
1121_0016_0014_0060_0060.jpg 1 16 14 60 60
1122_0023_0036_0031_0031.jpg 1 23 36 31 31
1123_0038_0040_0026_0026.jpg 1 38 40 26 26
1124_0017_0004_0062_0062.jpg 1 17 4 62 62
1125_0038_0028_0028_0028.jpg 1 38 28 28 28
1126_0016_0008_0068_0068.jpg 1 16 8 68 68
1127_0035_0016_0024_0024.jpg 1 35 16 24 24
1128_0008_0010_0064_0064.jpg 1 8 10 64 64
1129_0019_0022_0034_0034.jpg 1 19 22 34 34
1130_0023_0036_0045_0045.jpg 1 23 36 45 45
1131_0045_0024_0027_0027.jpg 1 45 24 27 27
1132_0027_0008_0057_0057.jpg 1 27 8 57 57
1133_0026_0036_0032_0032.jpg 1 26 36 32 32
1134_0032_0021_0050_0050.jpg 1 32 21 50 50
1135_0039_0022_0044_0044.jpg 1 39 22 44 44
1136_0025_0015_0068_0068.jpg 1 25 15 68 68
1137_0038_0015_0026_0026.jpg 1 38 15 26 26
1138_0018_0031_0027_0027.jpg 1 18 31 27 27
1139_0038_0043_0045_0045.jpg 1 38 43 45 45
1140_0024_0011_0063_0063.jpg 1 24 11 63 63
1141_0026_0023_0049_0049.jpg 1 26 23 49 49
1142_0018_0041_0046_0046.jpg 1 18 41 46 46
1143_0050_0007_0033_0033.jpg 1 50 7 33 33
1144_0005_0004_0065_0065.jpg 1 5 4 65 65
1145_0019_0009_0055_0055.jpg 1 19 9 55 55
1146_0020_0011_0068_0068.jpg 1 20 11 68 68
1147_0033_0038_0049_0049.jpg 1 33 38 49 49
1148_0014_0022_0060_0060.jpg 1 14 22 60 60
1149_0004_0029_0060_0060.jpg 1 4 29 60 60
1150_0016_0013_0050_0050.jpg 1 16 13 50 50
1151_0023_0028_0061_0061.jpg 1 23 28 61 61
1152_0041_0023_0037_0037.jpg 1 41 23 37 37
1153_0011_0006_0043_0043.jpg 1 11 6 43 43
1154_0050_0024_0031_0031.jpg 1 50 24 31 31
1155_0046_0013_0037_0037.jpg 1 46 13 37 37
1156_0027_0031_0057_0057.jpg 1 27 31 57 57
1157_0048_0026_0031_0031.jpg 1 48 26 31 31
1158_0025_0020_0035_0035.jpg 1 25 20 35 35
1159_0006_0019_0053_0053.jpg 1 6 19 53 53
1160_0012_0009_0035_0035.jpg 1 12 9 35 35
1161_0036_0007_0041_0041.jpg 1 36 7 41 41
1162_0014_0019_0065_0065.jpg 1 14 19 65 65
1163_0019_0034_0056_0056.jpg 1 19 34 56 56
1164_0050_0007_0035_0035.jpg 1 50 7 35 35
1165_0037_0008_0038_0038.jpg 1 37 8 38 38
1166_0038_0035_0026_0026.jpg 1 38 35 26 26
1167_0012_0027_0051_0051.jpg 1 12 27 51 51
1168_0042_0024_0045_0045.jpg 1 42 24 45 45
1169_0032_0011_0056_0056.jpg 1 32 11 56 56
1170_0017_0015_0063_0063.jpg 1 17 15 63 63
1171_0052_0022_0024_0024.jpg 1 52 22 24 24
1172_0056_0048_0029_0029.jpg 1 56 48 29 29
1173_0015_0031_0057_0057.jpg 1 15 31 57 57
1174_0014_0033_0043_0043.jpg 1 14 33 43 43
1175_0016_0011_0050_0050.jpg 1 16 11 50 50
1176_0021_0013_0065_0065.jpg 1 21 13 65 65
1177_0009_0056_0026_0026.jpg 1 9 56 26 26
1178_0010_0016_0049_0049.jpg 1 10 16 49 49
1179_0037_0033_0025_0025.jpg 1 37 33 25 25
1180_0012_0007_0056_0056.jpg 1 12 7 56 56
1181_0008_0009_0066_0066.jpg 1 8 9 66 66
1182_0017_0010_0026_0026.jpg 1 17 10 26 26
1183_0013_0011_0042_0042.jpg 1 13 11 42 42
1184_0041_0017_0028_0028.jpg 1 41 17 28 28
1185_0015_0023_0036_0036.jpg 1 15 23 36 36
1186_0044_0034_0037_0037.jpg 1 44 34 37 37
1187_0016_0046_0024_0024.jpg 1 16 46 24 24
1188_0016_0012_0051_0051.jpg 1 16 12 51 51
1189_0020_0022_0053_0053.jpg 1 20 22 53 53
1190_0012_0026_0060_0060.jpg 1 12 26 60 60
1191_0030_0006_0057_0057.jpg 1 30 6 57 57
1192_0012_0007_0036_0036.jpg 1 12 7 36 36
1193_0034_0015_0032_0032.jpg 1 34 15 32 32
1194_0006_0017_0064_0064.jpg 1 6 17 64 64
1195_0021_0006_0065_0065.jpg 1 21 6 65 65
1196_0014_0053_0027_0027.jpg 1 14 53 27 27
1197_0041_0025_0028_0028.jpg 1 41 25 28 28
1198_0031_0037_0031_0031.jpg 1 31 37 31 31
1199_0047_0046_0033_0033.jpg 1 47 46 33 33
1200_0029_0018_0061_0061.jpg 1 29 18 61 61
1201_0037_0018_0039_0039.jpg 1 37 18 39 39
1202_0019_0029_0062_0062.jpg 1 19 29 62 62
1203_0027_0020_0058_0058.jpg 1 27 20 58 58
1204_0031_0025_0036_0036.jpg 1 31 25 36 36
1205_0043_0041_0039_0039.jpg 1 43 41 39 39
1206_0032_0040_0047_0047.jpg 1 32 40 47 47
1207_0028_0009_0056_0056.jpg 1 28 9 56 56
1208_0046_0015_0033_0033.jpg 1 46 15 33 33
1209_0025_0029_0058_0058.jpg 1 25 29 58 58
1210_0029_0012_0038_0038.jpg 1 29 12 38 38
1211_0006_0022_0062_0062.jpg 1 6 22 62 62
1212_0022_0014_0039_0039.jpg 1 22 14 39 39
1213_0029_0019_0053_0053.jpg 1 29 19 53 53
1214_0027_0021_0064_0064.jpg 1 27 21 64 64
1215_0019_0033_0030_0030.jpg 1 19 33 30 30
1216_0006_0005_0069_0069.jpg 1 6 5 69 69
1217_0046_0034_0039_0039.jpg 1 46 34 39 39
1218_0049_0050_0027_0027.jpg 1 49 50 27 27
1219_0031_0008_0040_0040.jpg 1 31 8 40 40
1220_0050_0023_0034_0034.jpg 1 50 23 34 34
1221_0010_0051_0033_0033.jpg 1 10 51 33 33
1222_0013_0023_0060_0060.jpg 1 13 23 60 60
1223_0039_0009_0042_0042.jpg 1 39 9 42 42
1224_0004_0031_0056_0056.jpg 1 4 31 56 56
1225_0010_0008_0055_0055.jpg 1 10 8 55 55
1226_0030_0041_0040_0040.jpg 1 30 41 40 40
1227_0006_0019_0066_0066.jpg 1 6 19 66 66
1228_0029_0026_0058_0058.jpg 1 29 26 58 58
1229_0022_0038_0024_0024.jpg 1 22 38 24 24
1230_0022_0055_0026_0026.jpg 1 22 55 26 26
1231_0004_0008_0058_0058.jpg 1 4 8 58 58
1232_0015_0008_0063_0063.jpg 1 15 8 63 63
1233_0013_0010_0031_0031.jpg 1 13 10 31 31
1234_0037_0052_0028_0028.jpg 1 37 52 28 28
1235_0025_0015_0033_0033.jpg 1 25 15 33 33
1236_0016_0021_0068_0068.jpg 1 16 21 68 68
1237_0012_0016_0032_0032.jpg 1 12 16 32 32
1238_0041_0029_0029_0029.jpg 1 41 29 29 29
1239_0044_0015_0025_0025.jpg 1 44 15 25 25
1240_0051_0050_0035_0035.jpg 1 51 50 35 35
1241_0004_0011_0069_0069.jpg 1 4 11 69 69
1242_0036_0016_0049_0049.jpg 1 36 16 49 49
1243_0008_0018_0049_0049.jpg 1 8 18 49 49
1244_0015_0006_0063_0063.jpg 1 15 6 63 63
1245_0038_0037_0035_0035.jpg 1 38 37 35 35
1246_0023_0011_0045_0045.jpg 1 23 11 45 45
1247_0025_0029_0041_0041.jpg 1 25 29 41 41
1248_0018_0004_0063_0063.jpg 1 18 4 63 63
1249_0021_0021_0039_0039.jpg 1 21 21 39 39
1250_0042_0039_0045_0045.jpg 1 42 39 45 45
1251_0039_0037_0044_0044.jpg 1 39 37 44 44
1252_0010_0033_0043_0043.jpg 1 10 33 43 43
1253_0025_0014_0062_0062.jpg 1 25 14 62 62
1254_0006_0030_0060_0060.jpg 1 6 30 60 60
1255_0022_0018_0054_0054.jpg 1 22 18 54 54
1256_0035_0035_0040_0040.jpg 1 35 35 40 40
1257_0026_0023_0036_0036.jpg 1 26 23 36 36
1258_0021_0017_0056_0056.jpg 1 21 17 56 56
1259_0038_0030_0034_0034.jpg 1 38 30 34 34
1260_0029_0033_0056_0056.jpg 1 29 33 56 56
1261_0022_0021_0068_0068.jpg 1 22 21 68 68
1262_0012_0021_0043_0043.jpg 1 12 21 43 43
1263_0024_0028_0048_0048.jpg 1 24 28 48 48
1264_0050_0031_0025_0025.jpg 1 50 31 25 25
1265_0048_0049_0024_0024.jpg 1 48 49 24 24
1266_0008_0030_0057_0057.jpg 1 8 30 57 57
1267_0011_0019_0051_0051.jpg 1 11 19 51 51
1268_0046_0031_0038_0038.jpg 1 46 31 38 38
1269_0010_0024_0041_0041.jpg 1 10 24 41 41
1270_0047_0049_0029_0029.jpg 1 47 49 29 29
1271_0037_0020_0053_0053.jpg 1 37 20 53 53
1272_0027_0044_0033_0033.jpg 1 27 44 33 33
1273_0037_0037_0047_0047.jpg 1 37 37 47 47
1274_0014_0044_0027_0027.jpg 1 14 44 27 27
1275_0046_0010_0027_0027.jpg 1 46 10 27 27
1276_0050_0013_0027_0027.jpg 1 50 13 27 27
1277_0025_0017_0033_0033.jpg 1 25 17 33 33
1278_0007_0021_0034_0034.jpg 1 7 21 34 34
1279_0045_0042_0031_0031.jpg 1 45 42 31 31
1280_0007_0009_0033_0033.jpg 1 7 9 33 33
1281_0050_0009_0028_0028.jpg 1 50 9 28 28
1282_0036_0025_0037_0037.jpg 1 36 25 37 37
1283_0043_0055_0027_0027.jpg 1 43 55 27 27
1284_0020_0026_0043_0043.jpg 1 20 26 43 43
1285_0027_0036_0039_0039.jpg 1 27 36 39 39
1286_0032_0035_0053_0053.jpg 1 32 35 53 53
1287_0021_0010_0036_0036.jpg 1 21 10 36 36
1288_0014_0012_0068_0068.jpg 1 14 12 68 68
1289_0010_0024_0038_0038.jpg 1 10 24 38 38
1290_0032_0012_0037_0037.jpg 1 32 12 37 37
1291_0039_0029_0043_0043.jpg 1 39 29 43 43
1292_0044_0036_0038_0038.jpg 1 44 36 38 38
1293_0007_0047_0030_0030.jpg 1 7 47 30 30
1294_0026_0035_0054_0054.jpg 1 26 35 54 54
1295_0021_0010_0052_0052.jpg 1 21 10 52 52
1296_0043_0023_0037_0037.jpg 1 43 23 37 37
1297_0019_0012_0064_0064.jpg 1 19 12 64 64
1298_0022_0006_0045_0045.jpg 1 22 6 45 45
1299_0038_0036_0034_0034.jpg 1 38 36 34 34
1300_0015_0015_0053_0053.jpg 1 15 15 53 53
1301_0021_0009_0056_0056.jpg 1 21 9 56 56
1302_0007_0032_0054_0054.jpg 1 7 32 54 54
1303_0012_0005_0061_0061.jpg 1 12 5 61 61
1304_0029_0011_0052_0052.jpg 1 29 11 52 52
1305_0043_0045_0040_0040.jpg 1 43 45 40 40
1306_0028_0014_0053_0053.jpg 1 28 14 53 53
1307_0006_0010_0064_0064.jpg 1 6 10 64 64
1308_0023_0017_0063_0063.jpg 1 23 17 63 63
1309_0031_0046_0030_0030.jpg 1 31 46 30 30
1310_0007_0033_0027_0027.jpg 1 7 33 27 27
1311_0042_0032_0027_0027.jpg 1 42 32 27 27
1312_0019_0038_0045_0045.jpg 1 19 38 45 45
1313_0013_0005_0054_0054.jpg 1 13 5 54 54
1314_0027_0021_0056_0056.jpg 1 27 21 56 56
1315_0013_0020_0052_0052.jpg 1 13 20 52 52
1316_0018_0007_0067_0067.jpg 1 18 7 67 67
1317_0032_0022_0046_0046.jpg 1 32 22 46 46
1318_0045_0042_0029_0029.jpg 1 45 42 29 29
1319_0009_0019_0026_0026.jpg 1 9 19 26 26
1320_0028_0026_0049_0049.jpg 1 28 26 49 49
1321_0010_0020_0058_0058.jpg 1 10 20 58 58
1322_0015_0047_0034_0034.jpg 1 15 47 34 34
1323_0027_0037_0052_0052.jpg 1 27 37 52 52
1324_0018_0034_0052_0052.jpg 1 18 34 52 52
1325_0031_0033_0025_0025.jpg 1 31 33 25 25
1326_0040_0031_0045_0045.jpg 1 40 31 45 45
1327_0006_0013_0058_0058.jpg 1 6 13 58 58
1328_0027_0021_0048_0048.jpg 1 27 21 48 48
1329_0023_0008_0067_0067.jpg 1 23 8 67 67
1330_0010_0029_0049_0049.jpg 1 10 29 49 49
1331_0054_0038_0030_0030.jpg 1 54 38 30 30
1332_0038_0021_0049_0049.jpg 1 38 21 49 49
1333_0007_0021_0066_0066.jpg 1 7 21 66 66
1334_0009_0034_0041_0041.jpg 1 9 34 41 41
1335_0049_0028_0031_0031.jpg 1 49 28 31 31
1336_0025_0017_0040_0040.jpg 1 25 17 40 40
1337_0017_0019_0048_0048.jpg 1 17 19 48 48
1338_0023_0040_0043_0043.jpg 1 23 40 43 43
1339_0049_0008_0035_0035.jpg 1 49 8 35 35
1340_0033_0054_0027_0027.jpg 1 33 54 27 27
1341_0010_0026_0031_0031.jpg 1 10 26 31 31
1342_0012_0026_0031_0031.jpg 1 12 26 31 31
1343_0028_0024_0044_0044.jpg 1 28 24 44 44
1344_0014_0009_0066_0066.jpg 1 14 9 66 66
1345_0008_0054_0024_0024.jpg 1 8 54 24 24
1346_0023_0045_0029_0029.jpg 1 23 45 29 29
1347_0027_0010_0034_0034.jpg 1 27 10 34 34
1348_0011_0006_0065_0065.jpg 1 11 6 65 65
1349_0019_0034_0032_0032.jpg 1 19 34 32 32
1350_0021_0014_0048_0048.jpg 1 21 14 48 48
1351_0034_0022_0042_0042.jpg 1 34 22 42 42
1352_0024_0016_0054_0054.jpg 1 24 16 54 54
1353_0032_0008_0053_0053.jpg 1 32 8 53 53
1354_0007_0014_0046_0046.jpg 1 7 14 46 46
1355_0018_0013_0043_0043.jpg 1 18 13 43 43
1356_0005_0006_0069_0069.jpg 1 5 6 69 69
1357_0016_0013_0055_0055.jpg 1 16 13 55 55
1358_0008_0020_0067_0067.jpg 1 8 20 67 67
1359_0011_0037_0047_0047.jpg 1 11 37 47 47
1360_0019_0011_0054_0054.jpg 1 19 11 54 54
1361_0017_0004_0066_0066.jpg 1 17 4 66 66
1362_0018_0020_0037_0037.jpg 1 18 20 37 37
1363_0015_0004_0066_0066.jpg 1 15 4 66 66
1364_0009_0007_0066_0066.jpg 1 9 7 66 66
1365_0026_0024_0062_0062.jpg 1 26 24 62 62
1366_0023_0013_0032_0032.jpg 1 23 13 32 32
1367_0037_0032_0033_0033.jpg 1 37 32 33 33
1368_0018_0028_0029_0029.jpg 1 18 28 29 29
1369_0007_0022_0035_0035.jpg 1 7 22 35 35
1370_0019_0044_0032_0032.jpg 1 19 44 32 32
1371_0028_0014_0042_0042.jpg 1 28 14 42 42
1372_0048_0013_0030_0030.jpg 1 48 13 30 30
1373_0020_0034_0027_0027.jpg 1 20 34 27 27
1374_0007_0009_0049_0049.jpg 1 7 9 49 49
1375_0040_0018_0046_0046.jpg 1 40 18 46 46
1376_0019_0016_0054_0054.jpg 1 19 16 54 54
1377_0044_0032_0026_0026.jpg 1 44 32 26 26
1378_0013_0028_0035_0035.jpg 1 13 28 35 35
1379_0021_0036_0038_0038.jpg 1 21 36 38 38
1380_0009_0027_0042_0042.jpg 1 9 27 42 42
1381_0019_0016_0043_0043.jpg 1 19 16 43 43
1382_0005_0026_0052_0052.jpg 1 5 26 52 52
1383_0013_0015_0049_0049.jpg 1 13 15 49 49
1384_0005_0005_0057_0057.jpg 1 5 5 57 57
1385_0025_0033_0043_0043.jpg 1 25 33 43 43
1386_0047_0029_0037_0037.jpg 1 47 29 37 37
1387_0054_0032_0029_0029.jpg 1 54 32 29 29
1388_0059_0026_0026_0026.jpg 1 59 26 26 26
1389_0032_0022_0049_0049.jpg 1 32 22 49 49
1390_0033_0021_0050_0050.jpg 1 33 21 50 50
1391_0014_0045_0025_0025.jpg 1 14 45 25 25
1392_0019_0008_0060_0060.jpg 1 19 8 60 60
1393_0009_0023_0047_0047.jpg 1 9 23 47 47
1394_0029_0036_0046_0046.jpg 1 29 36 46 46
1395_0046_0012_0027_0027.jpg 1 46 12 27 27
1396_0012_0038_0032_0032.jpg 1 12 38 32 32
1397_0008_0036_0049_0049.jpg 1 8 36 49 49
1398_0044_0042_0033_0033.jpg 1 44 42 33 33
1399_0053_0014_0025_0025.jpg 1 53 14 25 25
1400_0018_0032_0051_0051.jpg 1 18 32 51 51
1401_0020_0004_0068_0068.jpg 1 20 4 68 68
1402_0032_0011_0053_0053.jpg 1 32 11 53 53
1403_0016_0004_0062_0062.jpg 1 16 4 62 62
1404_0006_0030_0057_0057.jpg 1 6 30 57 57
1405_0011_0004_0055_0055.jpg 1 11 4 55 55
1406_0007_0033_0048_0048.jpg 1 7 33 48 48
1407_0018_0024_0058_0058.jpg 1 18 24 58 58
1408_0009_0012_0053_0053.jpg 1 9 12 53 53
1409_0012_0023_0067_0067.jpg 1 12 23 67 67
1410_0005_0005_0052_0052.jpg 1 5 5 52 52
1411_0009_0012_0066_0066.jpg 1 9 12 66 66
1412_0032_0007_0049_0049.jpg 1 32 7 49 49
1413_0041_0022_0047_0047.jpg 1 41 22 47 47
1414_0023_0044_0029_0029.jpg 1 23 44 29 29
1415_0015_0005_0064_0064.jpg 1 15 5 64 64
1416_0031_0010_0041_0041.jpg 1 31 10 41 41
1417_0029_0017_0039_0039.jpg 1 29 17 39 39
1418_0047_0018_0027_0027.jpg 1 47 18 27 27
1419_0014_0033_0055_0055.jpg 1 14 33 55 55
1420_0015_0011_0068_0068.jpg 1 15 11 68 68
1421_0014_0017_0066_0066.jpg 1 14 17 66 66
1422_0011_0022_0033_0033.jpg 1 11 22 33 33
1423_0014_0023_0049_0049.jpg 1 14 23 49 49
1424_0005_0009_0062_0062.jpg 1 5 9 62 62
1425_0016_0007_0053_0053.jpg 1 16 7 53 53
1426_0005_0032_0057_0057.jpg 1 5 32 57 57
1427_0016_0013_0050_0050.jpg 1 16 13 50 50
1428_0040_0014_0039_0039.jpg 1 40 14 39 39
1429_0014_0027_0064_0064.jpg 1 14 27 64 64
1430_0030_0023_0032_0032.jpg 1 30 23 32 32
1431_0013_0028_0044_0044.jpg 1 13 28 44 44
1432_0050_0051_0033_0033.jpg 1 50 51 33 33
1433_0039_0015_0047_0047.jpg 1 39 15 47 47
1434_0018_0009_0067_0067.jpg 1 18 9 67 67
1435_0029_0011_0056_0056.jpg 1 29 11 56 56
1436_0013_0026_0051_0051.jpg 1 13 26 51 51
1437_0008_0017_0059_0059.jpg 1 8 17 59 59
1438_0038_0013_0049_0049.jpg 1 38 13 49 49
1439_0015_0009_0069_0069.jpg 1 15 9 69 69
1440_0023_0016_0069_0069.jpg 1 23 16 69 69
1441_0008_0017_0024_0024.jpg 1 8 17 24 24
1442_0026_0019_0061_0061.jpg 1 26 19 61 61
1443_0029_0012_0058_0058.jpg 1 29 12 58 58
1444_0026_0024_0061_0061.jpg 1 26 24 61 61
1445_0039_0043_0039_0039.jpg 1 39 43 39 39
1446_0011_0029_0025_0025.jpg 1 11 29 25 25
1447_0013_0041_0047_0047.jpg 1 13 41 47 47
1448_0052_0037_0025_0025.jpg 1 52 37 25 25
1449_0010_0009_0064_0064.jpg 1 10 9 64 64
1450_0031_0005_0057_0057.jpg 1 31 5 57 57
1451_0038_0039_0029_0029.jpg 1 38 39 29 29
1452_0013_0032_0056_0056.jpg 1 13 32 56 56
1453_0024_0026_0045_0045.jpg 1 24 26 45 45
1454_0032_0030_0050_0050.jpg 1 32 30 50 50
1455_0019_0014_0061_0061.jpg 1 19 14 61 61
1456_0018_0032_0057_0057.jpg 1 18 32 57 57
1457_0016_0019_0067_0067.jpg 1 16 19 67 67
1458_0022_0031_0027_0027.jpg 1 22 31 27 27
1459_0033_0010_0055_0055.jpg 1 33 10 55 55
1460_0050_0012_0036_0036.jpg 1 50 12 36 36
1461_0032_0025_0046_0046.jpg 1 32 25 46 46
1462_0035_0041_0028_0028.jpg 1 35 41 28 28
1463_0021_0009_0047_0047.jpg 1 21 9 47 47
1464_0018_0019_0047_0047.jpg 1 18 19 47 47
1465_0027_0010_0053_0053.jpg 1 27 10 53 53
1466_0020_0010_0067_0067.jpg 1 20 10 67 67
1467_0025_0021_0047_0047.jpg 1 25 21 47 47
1468_0018_0023_0066_0066.jpg 1 18 23 66 66
1469_0021_0025_0061_0061.jpg 1 21 25 61 61
1470_0005_0012_0059_0059.jpg 1 5 12 59 59
1471_0012_0020_0049_0049.jpg 1 12 20 49 49
1472_0027_0021_0050_0050.jpg 1 27 21 50 50
1473_0015_0027_0055_0055.jpg 1 15 27 55 55
1474_0032_0009_0040_0040.jpg 1 32 9 40 40
1475_0027_0014_0057_0057.jpg 1 27 14 57 57
1476_0023_0021_0047_0047.jpg 1 23 21 47 47
1477_0018_0033_0034_0034.jpg 1 18 33 34 34
1478_0044_0050_0036_0036.jpg 1 44 50 36 36
1479_0025_0008_0063_0063.jpg 1 25 8 63 63
1480_0012_0025_0032_0032.jpg 1 12 25 32 32
1481_0031_0018_0053_0053.jpg 1 31 18 53 53
1482_0009_0013_0069_0069.jpg 1 9 13 69 69
1483_0033_0033_0050_0050.jpg 1 33 33 50 50
1484_0031_0047_0034_0034.jpg 1 31 47 34 34
1485_0026_0047_0033_0033.jpg 1 26 47 33 33
1486_0024_0013_0031_0031.jpg 1 24 13 31 31
1487_0017_0022_0027_0027.jpg 1 17 22 27 27
1488_0023_0006_0057_0057.jpg 1 23 6 57 57
1489_0015_0008_0043_0043.jpg 1 15 8 43 43
1490_0051_0043_0029_0029.jpg 1 51 43 29 29
1491_0009_0031_0047_0047.jpg 1 9 31 47 47
1492_0037_0022_0047_0047.jpg 1 37 22 47 47
1493_0016_0011_0029_0029.jpg 1 16 11 29 29
1494_0014_0010_0051_0051.jpg 1 14 10 51 51
1495_0016_0010_0052_0052.jpg 1 16 10 52 52
1496_0018_0010_0065_0065.jpg 1 18 10 65 65
1497_0039_0058_0026_0026.jpg 1 39 58 26 26
1498_0026_0017_0064_0064.jpg 1 26 17 64 64
1499_0007_0010_0060_0060.jpg 1 7 10 60 60
1500_0019_0006_0040_0040.jpg 1 19 6 40 40
1501_0030_0009_0030_0030.jpg 1 30 9 30 30
1502_0027_0006_0047_0047.jpg 1 27 6 47 47
1503_0008_0019_0065_0065.jpg 1 8 19 65 65
1504_0055_0008_0029_0029.jpg 1 55 8 29 29
1505_0015_0038_0032_0032.jpg 1 15 38 32 32
1506_0034_0016_0052_0052.jpg 1 34 16 52 52
1507_0031_0015_0040_0040.jpg 1 31 15 40 40
1508_0033_0034_0044_0044.jpg 1 33 34 44 44
1509_0015_0046_0025_0025.jpg 1 15 46 25 25
1510_0008_0032_0026_0026.jpg 1 8 32 26 26
1511_0055_0022_0027_0027.jpg 1 55 22 27 27
1512_0011_0037_0051_0051.jpg 1 11 37 51 51
1513_0022_0031_0060_0060.jpg 1 22 31 60 60
1514_0027_0013_0059_0059.jpg 1 27 13 59 59
1515_0016_0049_0032_0032.jpg 1 16 49 32 32
1516_0020_0016_0062_0062.jpg 1 20 16 62 62
1517_0020_0020_0065_0065.jpg 1 20 20 65 65
1518_0010_0032_0047_0047.jpg 1 10 32 47 47
1519_0018_0008_0065_0065.jpg 1 18 8 65 65
1520_0036_0047_0028_0028.jpg 1 36 47 28 28
1521_0037_0016_0030_0030.jpg 1 37 16 30 30
1522_0021_0031_0043_0043.jpg 1 21 31 43 43
1523_0015_0007_0038_0038.jpg 1 15 7 38 38
1524_0031_0030_0057_0057.jpg 1 31 30 57 57
1525_0024_0015_0066_0066.jpg 1 24 15 66 66
1526_0014_0010_0045_0045.jpg 1 14 10 45 45
1527_0054_0019_0029_0029.jpg 1 54 19 29 29
1528_0018_0006_0063_0063.jpg 1 18 6 63 63
1529_0027_0016_0056_0056.jpg 1 27 16 56 56
1530_0031_0009_0028_0028.jpg 1 31 9 28 28
1531_0013_0004_0069_0069.jpg 1 13 4 69 69
1532_0038_0024_0034_0034.jpg 1 38 24 34 34
1533_0010_0011_0055_0055.jpg 1 10 11 55 55
1534_0006_0014_0038_0038.jpg 1 6 14 38 38
1535_0011_0010_0032_0032.jpg 1 11 10 32 32
1536_0040_0024_0028_0028.jpg 1 40 24 28 28
1537_0021_0052_0026_0026.jpg 1 21 52 26 26
1538_0023_0033_0045_0045.jpg 1 23 33 45 45
1539_0016_0037_0047_0047.jpg 1 16 37 47 47
1540_0024_0021_0032_0032.jpg 1 24 21 32 32
1541_0005_0012_0062_0062.jpg 1 5 12 62 62
1542_0005_0008_0060_0060.jpg 1 5 8 60 60
1543_0025_0011_0048_0048.jpg 1 25 11 48 48
1544_0023_0014_0038_0038.jpg 1 23 14 38 38
1545_0013_0011_0052_0052.jpg 1 13 11 52 52
1546_0023_0015_0067_0067.jpg 1 23 15 67 67
1547_0007_0033_0044_0044.jpg 1 7 33 44 44
1548_0025_0042_0033_0033.jpg 1 25 42 33 33
1549_0021_0022_0055_0055.jpg 1 21 22 55 55
1550_0045_0010_0027_0027.jpg 1 45 10 27 27
1551_0025_0007_0037_0037.jpg 1 25 7 37 37
1552_0045_0011_0028_0028.jpg 1 45 11 28 28
1553_0016_0025_0068_0068.jpg 1 16 25 68 68
1554_0029_0009_0046_0046.jpg 1 29 9 46 46
1555_0029_0033_0053_0053.jpg 1 29 33 53 53
1556_0020_0007_0054_0054.jpg 1 20 7 54 54
1557_0027_0006_0064_0064.jpg 1 27 6 64 64
1558_0020_0019_0067_0067.jpg 1 20 19 67 67
1559_0010_0016_0057_0057.jpg 1 10 16 57 57
1560_0025_0042_0045_0045.jpg 1 25 42 45 45
1561_0036_0022_0050_0050.jpg 1 36 22 50 50
1562_0017_0013_0068_0068.jpg 1 17 13 68 68
1563_0022_0014_0055_0055.jpg 1 22 14 55 55
1564_0017_0018_0057_0057.jpg 1 17 18 57 57
1565_0014_0032_0046_0046.jpg 1 14 32 46 46
1566_0008_0015_0068_0068.jpg 1 8 15 68 68
1567_0038_0016_0039_0039.jpg 1 38 16 39 39
1568_0044_0033_0043_0043.jpg 1 44 33 43 43
1569_0006_0006_0036_0036.jpg 1 6 6 36 36
1570_0013_0025_0051_0051.jpg 1 13 25 51 51
1571_0034_0047_0032_0032.jpg 1 34 47 32 32
1572_0023_0021_0031_0031.jpg 1 23 21 31 31
1573_0016_0034_0038_0038.jpg 1 16 34 38 38
1574_0022_0035_0042_0042.jpg 1 22 35 42 42
1575_0025_0031_0040_0040.jpg 1 25 31 40 40
1576_0017_0019_0039_0039.jpg 1 17 19 39 39
1577_0017_0030_0036_0036.jpg 1 17 30 36 36
1578_0033_0048_0036_0036.jpg 1 33 48 36 36
1579_0053_0007_0026_0026.jpg 1 53 7 26 26
1580_0013_0047_0040_0040.jpg 1 13 47 40 40
1581_0014_0038_0048_0048.jpg 1 14 38 48 48
1582_0015_0035_0045_0045.jpg 1 15 35 45 45
1583_0041_0048_0027_0027.jpg 1 41 48 27 27
1584_0020_0053_0028_0028.jpg 1 20 53 28 28
1585_0009_0009_0055_0055.jpg 1 9 9 55 55
1586_0023_0006_0036_0036.jpg 1 23 6 36 36
1587_0019_0011_0068_0068.jpg 1 19 11 68 68
1588_0005_0006_0059_0059.jpg 1 5 6 59 59
1589_0019_0018_0056_0056.jpg 1 19 18 56 56
1590_0019_0046_0030_0030.jpg 1 19 46 30 30
1591_0023_0008_0035_0035.jpg 1 23 8 35 35
1592_0030_0042_0026_0026.jpg 1 30 42 26 26
1593_0018_0020_0065_0065.jpg 1 18 20 65 65
1594_0015_0016_0064_0064.jpg 1 15 16 64 64
1595_0019_0003_0065_0065.jpg 1 19 3 65 65
1596_0005_0019_0048_0048.jpg 1 5 19 48 48
1597_0028_0015_0059_0059.jpg 1 28 15 59 59
1598_0042_0037_0033_0033.jpg 1 42 37 33 33
1599_0050_0011_0036_0036.jpg 1 50 11 36 36
1600_0037_0053_0030_0030.jpg 1 37 53 30 30
1601_0028_0028_0048_0048.jpg 1 28 28 48 48
1602_0030_0038_0034_0034.jpg 1 30 38 34 34
1603_0005_0015_0054_0054.jpg 1 5 15 54 54
1604_0014_0020_0058_0058.jpg 1 14 20 58 58
1605_0024_0037_0046_0046.jpg 1 24 37 46 46
1606_0018_0020_0063_0063.jpg 1 18 20 63 63
1607_0021_0012_0031_0031.jpg 1 21 12 31 31
1608_0046_0036_0035_0035.jpg 1 46 36 35 35
1609_0023_0041_0040_0040.jpg 1 23 41 40 40
1610_0022_0015_0068_0068.jpg 1 22 15 68 68
1611_0041_0025_0024_0024.jpg 1 41 25 24 24
1612_0050_0007_0030_0030.jpg 1 50 7 30 30
1613_0030_0040_0030_0030.jpg 1 30 40 30 30
1614_0018_0010_0040_0040.jpg 1 18 10 40 40
1615_0056_0008_0026_0026.jpg 1 56 8 26 26
1616_0035_0044_0025_0025.jpg 1 35 44 25 25
1617_0036_0010_0037_0037.jpg 1 36 10 37 37
1618_0032_0026_0056_0056.jpg 1 32 26 56 56
1619_0008_0027_0050_0050.jpg 1 8 27 50 50
1620_0018_0009_0064_0064.jpg 1 18 9 64 64
1621_0027_0023_0066_0066.jpg 1 27 23 66 66
1622_0035_0028_0044_0044.jpg 1 35 28 44 44
1623_0026_0031_0040_0040.jpg 1 26 31 40 40
1624_0011_0019_0068_0068.jpg 1 11 19 68 68
1625_0006_0030_0051_0051.jpg 1 6 30 51 51
1626_0044_0053_0032_0032.jpg 1 44 53 32 32
1627_0042_0027_0045_0045.jpg 1 42 27 45 45
1628_0009_0029_0045_0045.jpg 1 9 29 45 45
1629_0035_0040_0045_0045.jpg 1 35 40 45 45
1630_0033_0036_0050_0050.jpg 1 33 36 50 50
1631_0030_0015_0047_0047.jpg 1 30 15 47 47
1632_0023_0035_0047_0047.jpg 1 23 35 47 47
1633_0028_0014_0051_0051.jpg 1 28 14 51 51
1634_0027_0052_0025_0025.jpg 1 27 52 25 25
1635_0004_0020_0061_0061.jpg 1 4 20 61 61
1636_0011_0021_0030_0030.jpg 1 11 21 30 30
1637_0021_0006_0055_0055.jpg 1 21 6 55 55
1638_0011_0013_0055_0055.jpg 1 11 13 55 55
1639_0024_0029_0027_0027.jpg 1 24 29 27 27
1640_0011_0008_0044_0044.jpg 1 11 8 44 44
1641_0034_0026_0055_0055.jpg 1 34 26 55 55
1642_0007_0014_0027_0027.jpg 1 7 14 27 27
1643_0027_0035_0050_0050.jpg 1 27 35 50 50
1644_0004_0010_0062_0062.jpg 1 4 10 62 62
1645_0053_0010_0025_0025.jpg 1 53 10 25 25
1646_0036_0015_0027_0027.jpg 1 36 15 27 27
1647_0049_0009_0028_0028.jpg 1 49 9 28 28
1648_0025_0005_0055_0055.jpg 1 25 5 55 55
1649_0013_0038_0051_0051.jpg 1 13 38 51 51
1650_0019_0031_0057_0057.jpg 1 19 31 57 57
1651_0010_0007_0065_0065.jpg 1 10 7 65 65
1652_0021_0026_0062_0062.jpg 1 21 26 62 62
1653_0030_0011_0024_0024.jpg 1 30 11 24 24
1654_0037_0048_0029_0029.jpg 1 37 48 29 29
1655_0017_0028_0063_0063.jpg 1 17 28 63 63
1656_0030_0021_0051_0051.jpg 1 30 21 51 51
1657_0006_0012_0066_0066.jpg 1 6 12 66 66
1658_0007_0018_0040_0040.jpg 1 7 18 40 40
1659_0037_0008_0046_0046.jpg 1 37 8 46 46
1660_0041_0006_0043_0043.jpg 1 41 6 43 43
1661_0024_0022_0061_0061.jpg 1 24 22 61 61
1662_0026_0017_0067_0067.jpg 1 26 17 67 67
1663_0034_0025_0055_0055.jpg 1 34 25 55 55
1664_0029_0034_0052_0052.jpg 1 29 34 52 52
1665_0034_0020_0038_0038.jpg 1 34 20 38 38
1666_0014_0008_0032_0032.jpg 1 14 8 32 32
1667_0017_0027_0057_0057.jpg 1 17 27 57 57
1668_0028_0018_0049_0049.jpg 1 28 18 49 49
1669_0035_0018_0026_0026.jpg 1 35 18 26 26
1670_0046_0040_0037_0037.jpg 1 46 40 37 37
1671_0020_0034_0041_0041.jpg 1 20 34 41 41
1672_0018_0037_0044_0044.jpg 1 18 37 44 44
1673_0023_0017_0045_0045.jpg 1 23 17 45 45
1674_0028_0030_0025_0025.jpg 1 28 30 25 25
1675_0014_0029_0054_0054.jpg 1 14 29 54 54
1676_0009_0041_0047_0047.jpg 1 9 41 47 47
1677_0042_0046_0035_0035.jpg 1 42 46 35 35
1678_0027_0040_0043_0043.jpg 1 27 40 43 43
1679_0036_0027_0041_0041.jpg 1 36 27 41 41
1680_0022_0018_0040_0040.jpg 1 22 18 40 40
1681_0006_0023_0059_0059.jpg 1 6 23 59 59
1682_0030_0030_0057_0057.jpg 1 30 30 57 57
1683_0041_0007_0043_0043.jpg 1 41 7 43 43
1684_0013_0025_0065_0065.jpg 1 13 25 65 65
1685_0023_0025_0059_0059.jpg 1 23 25 59 59
1686_0017_0010_0064_0064.jpg 1 17 10 64 64
1687_0048_0049_0031_0031.jpg 1 48 49 31 31
1688_0037_0050_0027_0027.jpg 1 37 50 27 27
1689_0010_0019_0053_0053.jpg 1 10 19 53 53
1690_0015_0026_0043_0043.jpg 1 15 26 43 43
1691_0021_0014_0030_0030.jpg 1 21 14 30 30
1692_0011_0011_0040_0040.jpg 1 11 11 40 40
1693_0010_0017_0055_0055.jpg 1 10 17 55 55
1694_0018_0017_0027_0027.jpg 1 18 17 27 27
1695_0019_0021_0059_0059.jpg 1 19 21 59 59
1696_0006_0018_0069_0069.jpg 1 6 18 69 69
1697_0022_0008_0052_0052.jpg 1 22 8 52 52
1698_0013_0009_0041_0041.jpg 1 13 9 41 41
1699_0044_0040_0031_0031.jpg 1 44 40 31 31
1700_0033_0023_0056_0056.jpg 1 33 23 56 56
1701_0046_0017_0037_0037.jpg 1 46 17 37 37
1702_0013_0010_0067_0067.jpg 1 13 10 67 67
1703_0019_0014_0069_0069.jpg 1 19 14 69 69
1704_0007_0021_0069_0069.jpg 1 7 21 69 69
1705_0023_0008_0025_0025.jpg 1 23 8 25 25
1706_0008_0010_0066_0066.jpg 1 8 10 66 66
1707_0004_0009_0067_0067.jpg 1 4 9 67 67
1708_0015_0008_0054_0054.jpg 1 15 8 54 54
1709_0032_0019_0059_0059.jpg 1 32 19 59 59
1710_0040_0032_0038_0038.jpg 1 40 32 38 38
1711_0023_0025_0062_0062.jpg 1 23 25 62 62
1712_0029_0030_0058_0058.jpg 1 29 30 58 58
1713_0007_0009_0058_0058.jpg 1 7 9 58 58
1714_0005_0032_0049_0049.jpg 1 5 32 49 49
1715_0010_0030_0052_0052.jpg 1 10 30 52 52
1716_0026_0030_0033_0033.jpg 1 26 30 33 33
1717_0036_0025_0045_0045.jpg 1 36 25 45 45
1718_0038_0014_0028_0028.jpg 1 38 14 28 28
1719_0004_0019_0054_0054.jpg 1 4 19 54 54
1720_0041_0033_0034_0034.jpg 1 41 33 34 34
1721_0032_0034_0045_0045.jpg 1 32 34 45 45
1722_0006_0005_0048_0048.jpg 1 6 5 48 48
1723_0011_0028_0048_0048.jpg 1 11 28 48 48
1724_0008_0016_0065_0065.jpg 1 8 16 65 65
1725_0022_0041_0038_0038.jpg 1 22 41 38 38
1726_0016_0020_0065_0065.jpg 1 16 20 65 65
1727_0008_0029_0058_0058.jpg 1 8 29 58 58
1728_0008_0021_0053_0053.jpg 1 8 21 53 53
1729_0014_0011_0068_0068.jpg 1 14 11 68 68
1730_0007_0010_0056_0056.jpg 1 7 10 56 56
1731_0017_0027_0062_0062.jpg 1 17 27 62 62
1732_0022_0037_0034_0034.jpg 1 22 37 34 34
1733_0037_0042_0028_0028.jpg 1 37 42 28 28
1734_0007_0022_0054_0054.jpg 1 7 22 54 54
1735_0028_0023_0025_0025.jpg 1 28 23 25 25
1736_0019_0007_0047_0047.jpg 1 19 7 47 47
1737_0017_0016_0057_0057.jpg 1 17 16 57 57
1738_0005_0036_0052_0052.jpg 1 5 36 52 52
1739_0014_0008_0050_0050.jpg 1 14 8 50 50
1740_0022_0027_0048_0048.jpg 1 22 27 48 48
1741_0019_0011_0053_0053.jpg 1 19 11 53 53
1742_0028_0019_0063_0063.jpg 1 28 19 63 63
1743_0018_0020_0045_0045.jpg 1 18 20 45 45
1744_0008_0031_0055_0055.jpg 1 8 31 55 55
1745_0053_0025_0032_0032.jpg 1 53 25 32 32
1746_0033_0015_0030_0030.jpg 1 33 15 30 30
1747_0031_0015_0059_0059.jpg 1 31 15 59 59
1748_0032_0011_0058_0058.jpg 1 32 11 58 58
1749_0026_0034_0047_0047.jpg 1 26 34 47 47
1750_0037_0017_0026_0026.jpg 1 37 17 26 26
1751_0027_0024_0046_0046.jpg 1 27 24 46 46
1752_0008_0014_0065_0065.jpg 1 8 14 65 65
1753_0008_0053_0025_0025.jpg 1 8 53 25 25
1754_0021_0012_0048_0048.jpg 1 21 12 48 48
1755_0033_0058_0026_0026.jpg 1 33 58 26 26
1756_0023_0031_0047_0047.jpg 1 23 31 47 47
1757_0009_0019_0066_0066.jpg 1 9 19 66 66
1758_0023_0027_0055_0055.jpg 1 23 27 55 55
1759_0005_0021_0068_0068.jpg 1 5 21 68 68
1760_0034_0023_0051_0051.jpg 1 34 23 51 51
1761_0008_0020_0046_0046.jpg 1 8 20 46 46
1762_0032_0028_0049_0049.jpg 1 32 28 49 49
1763_0053_0008_0033_0033.jpg 1 53 8 33 33
1764_0022_0010_0037_0037.jpg 1 22 10 37 37
1765_0033_0037_0053_0053.jpg 1 33 37 53 53
1766_0010_0027_0058_0058.jpg 1 10 27 58 58
1767_0014_0004_0060_0060.jpg 1 14 4 60 60
1768_0046_0033_0041_0041.jpg 1 46 33 41 41
1769_0011_0011_0054_0054.jpg 1 11 11 54 54
1770_0046_0014_0026_0026.jpg 1 46 14 26 26
1771_0024_0022_0058_0058.jpg 1 24 22 58 58
1772_0036_0023_0053_0053.jpg 1 36 23 53 53
1773_0016_0031_0049_0049.jpg 1 16 31 49 49
1774_0039_0042_0027_0027.jpg 1 39 42 27 27
1775_0019_0009_0025_0025.jpg 1 19 9 25 25
1776_0053_0027_0030_0030.jpg 1 53 27 30 30
1777_0026_0019_0061_0061.jpg 1 26 19 61 61
1778_0010_0012_0043_0043.jpg 1 10 12 43 43
1779_0021_0040_0026_0026.jpg 1 21 40 26 26
1780_0033_0011_0032_0032.jpg 1 33 11 32 32
1781_0016_0033_0033_0033.jpg 1 16 33 33 33
1782_0026_0014_0065_0065.jpg 1 26 14 65 65
1783_0025_0046_0030_0030.jpg 1 25 46 30 30
1784_0003_0019_0069_0069.jpg 1 3 19 69 69
1785_0012_0024_0060_0060.jpg 1 12 24 60 60
1786_0041_0027_0048_0048.jpg 1 41 27 48 48
1787_0008_0021_0055_0055.jpg 1 8 21 55 55
1788_0012_0021_0028_0028.jpg 1 12 21 28 28
1789_0022_0022_0055_0055.jpg 1 22 22 55 55
1790_0055_0020_0027_0027.jpg 1 55 20 27 27
1791_0035_0019_0038_0038.jpg 1 35 19 38 38
1792_0019_0007_0069_0069.jpg 1 19 7 69 69
1793_0022_0037_0039_0039.jpg 1 22 37 39 39
1794_0046_0054_0026_0026.jpg 1 46 54 26 26
1795_0015_0009_0067_0067.jpg 1 15 9 67 67
1796_0003_0027_0061_0061.jpg 1 3 27 61 61
1797_0011_0026_0031_0031.jpg 1 11 26 31 31
1798_0009_0036_0031_0031.jpg 1 9 36 31 31
1799_0028_0031_0046_0046.jpg 1 28 31 46 46
1800_0022_0006_0050_0050.jpg 1 22 6 50 50
1801_0026_0038_0028_0028.jpg 1 26 38 28 28
1802_0005_0017_0066_0066.jpg 1 5 17 66 66
1803_0011_0018_0065_0065.jpg 1 11 18 65 65
1804_0011_0027_0062_0062.jpg 1 11 27 62 62
1805_0008_0014_0063_0063.jpg 1 8 14 63 63
1806_0029_0044_0033_0033.jpg 1 29 44 33 33
1807_0024_0007_0057_0057.jpg 1 24 7 57 57
1808_0010_0032_0025_0025.jpg 1 10 32 25 25
1809_0042_0036_0036_0036.jpg 1 42 36 36 36
1810_0011_0043_0038_0038.jpg 1 11 43 38 38
1811_0030_0012_0024_0024.jpg 1 30 12 24 24
1812_0034_0018_0056_0056.jpg 1 34 18 56 56
1813_0007_0025_0044_0044.jpg 1 7 25 44 44
1814_0005_0025_0054_0054.jpg 1 5 25 54 54
1815_0043_0019_0026_0026.jpg 1 43 19 26 26
1816_0037_0035_0038_0038.jpg 1 37 35 38 38
1817_0021_0024_0069_0069.jpg 1 21 24 69 69
1818_0034_0038_0033_0033.jpg 1 34 38 33 33
1819_0028_0007_0062_0062.jpg 1 28 7 62 62
1820_0025_0013_0025_0025.jpg 1 25 13 25 25
1821_0026_0026_0041_0041.jpg 1 26 26 41 41
1822_0034_0014_0038_0038.jpg 1 34 14 38 38
1823_0050_0028_0033_0033.jpg 1 50 28 33 33
1824_0015_0039_0036_0036.jpg 1 15 39 36 36
1825_0034_0046_0032_0032.jpg 1 34 46 32 32
1826_0006_0017_0063_0063.jpg 1 6 17 63 63
1827_0009_0014_0068_0068.jpg 1 9 14 68 68
1828_0008_0029_0048_0048.jpg 1 8 29 48 48
1829_0050_0047_0026_0026.jpg 1 50 47 26 26
1830_0021_0005_0063_0063.jpg 1 21 5 63 63
1831_0042_0019_0030_0030.jpg 1 42 19 30 30
1832_0024_0019_0056_0056.jpg 1 24 19 56 56
1833_0045_0026_0028_0028.jpg 1 45 26 28 28
1834_0027_0026_0060_0060.jpg 1 27 26 60 60
1835_0021_0014_0066_0066.jpg 1 21 14 66 66
1836_0015_0022_0038_0038.jpg 1 15 22 38 38
1837_0009_0006_0062_0062.jpg 1 9 6 62 62
1838_0035_0027_0026_0026.jpg 1 35 27 26 26
1839_0052_0021_0028_0028.jpg 1 52 21 28 28
1840_0004_0017_0065_0065.jpg 1 4 17 65 65
1841_0005_0012_0055_0055.jpg 1 5 12 55 55
1842_0017_0027_0057_0057.jpg 1 17 27 57 57
1843_0051_0013_0030_0030.jpg 1 51 13 30 30
1844_0014_0035_0052_0052.jpg 1 14 35 52 52
1845_0013_0024_0064_0064.jpg 1 13 24 64 64
1846_0048_0044_0029_0029.jpg 1 48 44 29 29
1847_0011_0018_0060_0060.jpg 1 11 18 60 60
1848_0008_0007_0068_0068.jpg 1 8 7 68 68
1849_0037_0011_0032_0032.jpg 1 37 11 32 32
1850_0025_0008_0067_0067.jpg 1 25 8 67 67
1851_0031_0023_0028_0028.jpg 1 31 23 28 28
1852_0006_0016_0053_0053.jpg 1 6 16 53 53
1853_0018_0010_0031_0031.jpg 1 18 10 31 31
1854_0024_0039_0040_0040.jpg 1 24 39 40 40
1855_0019_0029_0056_0056.jpg 1 19 29 56 56
1856_0009_0017_0055_0055.jpg 1 9 17 55 55
1857_0025_0036_0038_0038.jpg 1 25 36 38 38
1858_0017_0021_0033_0033.jpg 1 17 21 33 33
1859_0008_0020_0055_0055.jpg 1 8 20 55 55
1860_0010_0008_0069_0069.jpg 1 10 8 69 69
1861_0020_0008_0066_0066.jpg 1 20 8 66 66
1862_0013_0011_0028_0028.jpg 1 13 11 28 28
1863_0016_0024_0038_0038.jpg 1 16 24 38 38
1864_0011_0004_0059_0059.jpg 1 11 4 59 59
1865_0026_0032_0039_0039.jpg 1 26 32 39 39
1866_0010_0013_0039_0039.jpg 1 10 13 39 39
1867_0015_0005_0060_0060.jpg 1 15 5 60 60
1868_0033_0025_0054_0054.jpg 1 33 25 54 54
1869_0026_0010_0061_0061.jpg 1 26 10 61 61
1870_0015_0027_0045_0045.jpg 1 15 27 45 45
1871_0032_0012_0050_0050.jpg 1 32 12 50 50
1872_0008_0005_0057_0057.jpg 1 8 5 57 57
1873_0014_0008_0062_0062.jpg 1 14 8 62 62
1874_0017_0019_0064_0064.jpg 1 17 19 64 64
1875_0035_0014_0053_0053.jpg 1 35 14 53 53
1876_0038_0055_0028_0028.jpg 1 38 55 28 28
1877_0014_0006_0056_0056.jpg 1 14 6 56 56
1878_0026_0016_0027_0027.jpg 1 26 16 27 27
1879_0016_0010_0068_0068.jpg 1 16 10 68 68
1880_0026_0020_0062_0062.jpg 1 26 20 62 62
1881_0005_0014_0067_0067.jpg 1 5 14 67 67
1882_0043_0043_0037_0037.jpg 1 43 43 37 37
1883_0039_0037_0041_0041.jpg 1 39 37 41 41
1884_0046_0030_0037_0037.jpg 1 46 30 37 37
1885_0020_0021_0039_0039.jpg 1 20 21 39 39
1886_0024_0005_0068_0068.jpg 1 24 5 68 68
1887_0008_0011_0068_0068.jpg 1 8 11 68 68
1888_0014_0015_0028_0028.jpg 1 14 15 28 28
1889_0025_0015_0045_0045.jpg 1 25 15 45 45
1890_0022_0041_0025_0025.jpg 1 22 41 25 25
1891_0015_0021_0053_0053.jpg 1 15 21 53 53
1892_0011_0040_0039_0039.jpg 1 11 40 39 39
1893_0017_0008_0049_0049.jpg 1 17 8 49 49
1894_0020_0006_0049_0049.jpg 1 20 6 49 49
1895_0012_0017_0049_0049.jpg 1 12 17 49 49
1896_0016_0047_0037_0037.jpg 1 16 47 37 37
1897_0047_0046_0031_0031.jpg 1 47 46 31 31
1898_0043_0036_0040_0040.jpg 1 43 36 40 40
1899_0012_0005_0063_0063.jpg 1 12 5 63 63
1900_0022_0027_0064_0064.jpg 1 22 27 64 64
1901_0011_0018_0025_0025.jpg 1 11 18 25 25
1902_0018_0022_0044_0044.jpg 1 18 22 44 44
1903_0052_0051_0032_0032.jpg 1 52 51 32 32
1904_0006_0004_0059_0059.jpg 1 6 4 59 59
1905_0024_0021_0065_0065.jpg 1 24 21 65 65
1906_0043_0043_0031_0031.jpg 1 43 43 31 31
1907_0016_0025_0055_0055.jpg 1 16 25 55 55
1908_0029_0053_0025_0025.jpg 1 29 53 25 25
1909_0037_0010_0053_0053.jpg 1 37 10 53 53
1910_0026_0019_0029_0029.jpg 1 26 19 29 29
1911_0009_0017_0032_0032.jpg 1 9 17 32 32
1912_0037_0015_0041_0041.jpg 1 37 15 41 41
1913_0017_0018_0043_0043.jpg 1 17 18 43 43
1914_0012_0037_0039_0039.jpg 1 12 37 39 39
1915_0044_0035_0029_0029.jpg 1 44 35 29 29
1916_0013_0049_0027_0027.jpg 1 13 49 27 27
1917_0040_0060_0024_0024.jpg 1 40 60 24 24
1918_0013_0037_0032_0032.jpg 1 13 37 32 32
1919_0008_0019_0043_0043.jpg 1 8 19 43 43
1920_0042_0045_0038_0038.jpg 1 42 45 38 38
1921_0006_0022_0064_0064.jpg 1 6 22 64 64
1922_0016_0015_0067_0067.jpg 1 16 15 67 67
1923_0026_0037_0033_0033.jpg 1 26 37 33 33
1924_0011_0017_0067_0067.jpg 1 11 17 67 67
1925_0014_0021_0040_0040.jpg 1 14 21 40 40
1926_0023_0032_0028_0028.jpg 1 23 32 28 28
1927_0026_0023_0039_0039.jpg 1 26 23 39 39
1928_0008_0045_0026_0026.jpg 1 8 45 26 26
1929_0016_0020_0062_0062.jpg 1 16 20 62 62
1930_0021_0027_0060_0060.jpg 1 21 27 60 60
1931_0009_0021_0046_0046.jpg 1 9 21 46 46
1932_0007_0025_0061_0061.jpg 1 7 25 61 61
1933_0040_0030_0041_0041.jpg 1 40 30 41 41
1934_0016_0031_0057_0057.jpg 1 16 31 57 57
1935_0007_0004_0067_0067.jpg 1 7 4 67 67
1936_0022_0006_0065_0065.jpg 1 22 6 65 65
1937_0018_0021_0066_0066.jpg 1 18 21 66 66
1938_0015_0037_0029_0029.jpg 1 15 37 29 29
1939_0025_0013_0067_0067.jpg 1 25 13 67 67
1940_0021_0023_0058_0058.jpg 1 21 23 58 58
1941_0025_0017_0057_0057.jpg 1 25 17 57 57
1942_0008_0029_0049_0049.jpg 1 8 29 49 49
1943_0027_0028_0039_0039.jpg 1 27 28 39 39
1944_0027_0035_0049_0049.jpg 1 27 35 49 49
1945_0014_0008_0037_0037.jpg 1 14 8 37 37
1946_0008_0006_0069_0069.jpg 1 8 6 69 69
1947_0012_0019_0032_0032.jpg 1 12 19 32 32
1948_0024_0038_0033_0033.jpg 1 24 38 33 33
1949_0045_0044_0036_0036.jpg 1 45 44 36 36
1950_0027_0012_0058_0058.jpg 1 27 12 58 58
1951_0032_0015_0053_0053.jpg 1 32 15 53 53
1952_0057_0054_0024_0024.jpg 1 57 54 24 24
1953_0020_0024_0032_0032.jpg 1 20 24 32 32
1954_0012_0016_0050_0050.jpg 1 12 16 50 50
1955_0009_0018_0043_0043.jpg 1 9 18 43 43
1956_0004_0026_0066_0066.jpg 1 4 26 66 66
1957_0031_0017_0055_0055.jpg 1 31 17 55 55
1958_0025_0031_0027_0027.jpg 1 25 31 27 27
1959_0016_0033_0042_0042.jpg 1 16 33 42 42
1960_0024_0034_0035_0035.jpg 1 24 34 35 35
1961_0048_0024_0037_0037.jpg 1 48 24 37 37
1962_0023_0021_0037_0037.jpg 1 23 21 37 37
1963_0016_0011_0027_0027.jpg 1 16 11 27 27
1964_0028_0022_0057_0057.jpg 1 28 22 57 57
1965_0039_0053_0033_0033.jpg 1 39 53 33 33
1966_0023_0007_0050_0050.jpg 1 23 7 50 50
1967_0004_0009_0051_0051.jpg 1 4 9 51 51
1968_0042_0031_0040_0040.jpg 1 42 31 40 40
1969_0031_0039_0048_0048.jpg 1 31 39 48 48
1970_0006_0029_0050_0050.jpg 1 6 29 50 50
1971_0042_0011_0043_0043.jpg 1 42 11 43 43
1972_0039_0029_0030_0030.jpg 1 39 29 30 30
1973_0037_0034_0036_0036.jpg 1 37 34 36 36
1974_0013_0008_0045_0045.jpg 1 13 8 45 45
1975_0017_0013_0066_0066.jpg 1 17 13 66 66
1976_0011_0025_0027_0027.jpg 1 11 25 27 27
1977_0042_0010_0035_0035.jpg 1 42 10 35 35
1978_0041_0036_0046_0046.jpg 1 41 36 46 46
1979_0039_0021_0049_0049.jpg 1 39 21 49 49
1980_0008_0040_0044_0044.jpg 1 8 40 44 44
1981_0007_0034_0041_0041.jpg 1 7 34 41 41
1982_0047_0021_0027_0027.jpg 1 47 21 27 27
1983_0004_0020_0067_0067.jpg 1 4 20 67 67
1984_0004_0014_0066_0066.jpg 1 4 14 66 66
1985_0019_0030_0051_0051.jpg 1 19 30 51 51
1986_0017_0016_0040_0040.jpg 1 17 16 40 40
1987_0051_0010_0033_0033.jpg 1 51 10 33 33
1988_0015_0011_0057_0057.jpg 1 15 11 57 57
1989_0037_0005_0046_0046.jpg 1 37 5 46 46
1990_0007_0024_0053_0053.jpg 1 7 24 53 53
1991_0017_0010_0068_0068.jpg 1 17 10 68 68
1992_0009_0025_0066_0066.jpg 1 9 25 66 66
1993_0021_0031_0055_0055.jpg 1 21 31 55 55
1994_0019_0007_0049_0049.jpg 1 19 7 49 49
1995_0020_0012_0058_0058.jpg 1 20 12 58 58
1996_0008_0019_0055_0055.jpg 1 8 19 55 55
1997_0006_0028_0041_0041.jpg 1 6 28 41 41
1998_0017_0022_0064_0064.jpg 1 17 22 64 64
1999_0036_0031_0054_0054.jpg 1 36 31 54 54
2000_0025_0006_0059_0059.jpg 1 25 6 59 59
